7JocLj5Xq+MkfbQrjW6FDASCt5QBY2eUjCoXscJHPgJsVW3J2sTxVRiz3o+JPxqd8gbTfL4Of1KjkxKie6gup8fLyUukgIs0tR0nvTtirgk=
fMvpUusvbtPFiygRCXS1tIV90rCuxreYjtmx2bl0UraF3TI9F4/QcoWCJeNJL+7lJ+msT9c81NKOQLihuZEAZELEzYJut6Lz+rVW7ltj3PMxMZgjDzRJdKcLbFyYbOpNvCNh5FUssLSyNLe7CU/lHXITQaScHOKVC+NYmGi/u+DedObidWirvDJciONZarVICLRsSjliZ03jJheflVxohB0G05xQNA6pe6xp5qsPYsYj5O5zLzdZTxys60D9QRcZI+6unQ==
G548gS2Ou5173/0UiTJ1aoV90rCuxreYjtmx2bl0UraF3TI9F4/QcoWCJeNJL+7lJ+msT9c81NKOQLihuZEAZELEzYJut6Lz+rVW7ltj3PMxMZgjDzRJdKcLbFyYbOpNvCNh5FUssLSyNLe7CU/lHXITQaScHOKVC+NYmGi/u+DedObidWirvDJciONZarVICLRsSjliZ03jJheflVxohB0G05xQNA6pe6xp5qsPYsYj5OxzLzdZTxys60D9QRcZI+6unQ==
/1H3Kh9ooHVwzIIT6CsfAhHwceNAc3KpuDEXxJ2rN7XGfkhz0iuOF6vpSD6fdbffwRWIfe4yB/Pd79YbkCVtrhg=
qZI5mN2e8A5k3pvABYfhl5GTh++VDSi/sMAj8jWL5MeZTjpAn2hSFgF908jXnZ2iZyxLNejNFmG5gGnDCOPK6aABXyQl+9+1rq7wExobltcTeYAeh4UfXSklkJ2mov+zxR+eu2h1Ra4w
G7AODwkDPooC+PUWWZu8GJyzTw1KpHa8NZdfPKyFLM6+mdZMJwQ87vO+ipIeRCnpyy1xpKqO52G9GRFlQwDo1E201QNUR4eDlRVfhusv4ibjRO3U79fZb1zM66A9YZd5Y06uPQ==
wqoZjREELIrHaZiaMdAbijHe5PvT8cM9bd3TNrhiRmGEUl4WDWXH+KO1gUJbRB/lHPVaIXV43ZNcSzZJPGnr1LFjUzUiNmRjrvMKd2/RVM4z/VOd5R3kzXJKw9PZN2qLfG1Jrjw=
4MlvhMWFUViAHNIz67cdeSy9lQathGIWMZ3jiGd9LSL3zJt1uC0GYamguYNYQ1pp0KGvZFXbL7XejgDTartmV4PZUN7XpQ9dOUVAXfbCbzN1fy57WBV1rgA=
UUmz9tTzsmRf78eKvInM0skSiGRQhmA3s5FmFjWV/5iLRUkCE5S3hYRlwqHt6EUzNJv+CXRZA/TJU6s1WgacQ8bDwrcngbxuq23LHX2NfC3aGgsTkUdCa0Qdca4E
+Gxl0aXX+Q2p/0CIRx0/TuAhp0FhtEEthJFmFjWV/5iLRUkCE5S3hYRlwqHt6EUzNJv+CXRZA/TJU6s1WgacQ8bDwrcngbxuq23LHX2NfC3aGgsTkUdCa0Qdca4E
3mTac6P/PfafXL26RXQF1vrAoBn2jzM/4JazGXkAHcm/smU4IR0iiWTBSwTja+I3iLmCFVUsDx/t9RxKWpuQjzSHUa1qNo2B7X1bYVo1zDZ9I2dLVHNCEXeuAg==
l5hP8I7oiwYudmkJ4chuPYV90rCuxreYjtmx2bl0UraF3TI9F4/QcoWCJeNJL+7lJ+msT9c81NKOQLihuZEAZELEzYJut6Lz+rVW7ltj3PMxMZgjDzRJdKcLbFyYbOpNvCNh5FUssLSyNLe7CU/lHXITQaScHOKVC+NYmGi/u+DedObidWirvDJciONZarVICLRsSjliZ03jJheflVxohB0G05xQNA6pe6xp5qsPYsYj5O10LzdZTxys60D9QRcZI+6unQ==
wCwNeLeoEnT8rY5RxGhi1pqotTIcPeeVKqxiIhBH5PpxfLOQnOahvJwa1WN1zeXtfLWLPg3jrYLyay7QhYW9Iuw7RdTqJN9DKSkj2vtALcgQdIsfKzMhUqCPkOJvXyOhI30B7wE5XuKX/jPRft+HZCO7K71EKP1mGaQZKOMqbIQdXtLW5oHnc/XcA2BZj6BH7mFySAZRl0qVXlJp3rDT1i7v39QRpgHz0WerAJHQWLcrkUdSAZzZj4t7aiG7n3TLbZzbt4Nz37YtIl7pAZG9pe4madmxvYM5eaXIvlHDSwMQg+Zpy66+
q6icNhU9CP8FoGKV5Gb2zCU9f2KxeMK1WxZWX4z0rSVjI7/IFEVtdiNoEupb9a/iTHKHJKPB5EEUnoiTxSou2O70Po8LiCTkER9nEe0GtTADFP5M5UMF0w9Ozrd+/kEvLb0tRQ/zDzlQ/pnGPc1wr6l4zYNFoWrI0zp3nPf0zVoiWNNmnIooQSkvu2TNvBf/DpsA2RwUqLE51vvmvPVwwF1KoFdRSJ8mj29f3yWcH6D2K8UpKc6vfHfT5cOE/RXvOhejJJXrTbMR6mMakDVP4ZN5AB4HhZ9drSUXnSaif7NFHx676HXFrrA=
4GofMHxQTwgPRcEm0P441oVajE1Zsmvj+TxEg428o1TvacXl1WxiyQYwvbyf4kalfN5h0T832YOCiRQs0ATDLJsgcgnEfiGOzb50gOjEUr8IPom4g1DgNxsdnOTHuitc8YRpgrnfYBB6Tl/lVw4erCe+Cze4bPSu0LS2CJIVLoKyd7BFIQbRknjejuLnCZ0B3Qce1aEmOMKKn9eV6AockaOaEtJmQLEWo5ZOyhiRjWTNkqQyzIhdfE8Hf5BnTaEysD6R4BP+VApGQ8f6udS/wdpcz6KNcgtuscVAWttSCe+P42/Irr8=
YPjemPE2Y13xnFE4n2xarwa+5o4C+Ym0xRZz4TB7DjAmayfjaC4q9ONR5h4/LW9cKj/UOMWzX5klKdrfjMkAU5OYROY2S4Sw/cS1iKBS2Lp+ZeAY7ZqjvtxdAwto1tekJ6b5gm2AudF8GkK4S/cnMPK2D9gv1VhCiIQIYoJ6wsviuPoxdIfhSI1YgGjasFf3MVu1ofp3AUiEKBIJoyd4lJDrKxyWUObOLZwb4NpY6C/h/mV0AFCsJqHWF1HLYrcT7Yh4+NWiUzCIQD51EyiJqpMbMnqrgK2cNwSp07Roy0wFFYfla8qusQ==
DCax6B3O9PlEw0sADhjCGlcfeXpUcs7/+wkz+9vRj/f3x/LxtiCLtrdgLtcglaWYq5GZSlm7f364oZWXJCjRlbCCUcsprOqFRPK5An1S7CyIaIpTuHLRdEOcuHsr8UTIp5YzsMGIcY6503gcSqJHyTcixkAX8lP7eKCs4mBYbqTyubZuAvsoyaGKSR7IMhZOh6VF7W1LRhlh6mCOunMPuYgmBH2TlgreZkypGpN6VuZ4vVWI/d78/gxEBTD/66c8B+E53gCyCWyTcsyG9q9fVtl4Zy1qEJduTb5TIoEpmHa7fhEDv+93xK6z
r621fOxLX8GJOx1AVhgGnQa+5o4C+Ym0xRZz4TB7DjAmayfjaC4q9ONR5h4/LW9cKj/UOMWzX5klKdrfoN4ARJKXWeY2S4Sw/cS1iKBS2Lp+ZeAY7ZqjvtxdAwto1tekJ6b5gm2AudF8GkK4S/cnMPK2D9gv1VhCiIQIYoJ6wsviuPoxdIfhSI1YgGjasFf3MVu1ofp3AUiEKBIJoyd4lJDrKxyWUObOLZwb4NpY6C/h/mV0AFCsJqHWF1HLYrcT7Yh4+NWiUzCIQD51EyiJqpMbMnqrgK2cNwSp07Roy0wFFYfla8qusQ==
GEow9Y3i1DUJ6nPIZ5e8blcfeXpUcs7/+wkz+9vRj/f3x/LxtiCLsLdgLtcmlaWYq5GZSlm7f364oZWXNS7TgLSWUcsprOqFRPK5An1S7CyIaIpTuHLRdEOcuHsr8UTIp5YzsMGIcY6503gcSqJHyTcixkAX8lP7eKCs4mBYbqTyubZuAvsoyaGKSR7IMhZOh6VF7W1LRhlh6mCOunMPuYgmBH2TlgreZkypGpN6VuZ4vVWI/d78/gxEBTD/66c8B+E53gCyCWyTcsyG9q9fVtl4Zy1qEJduTb5TIoEpmHa7fhEDv+93xK6z
+jl4I34+C7Qbo9yixLp31JqotTIcPeeVKqxiIhBH5PpxfLOQnOahuo1CjXNjxrGye7aeF0uA6sDlMzmQgbe6NPkmRdTqJN9DKSkj2vtALcgQdIsfKzMhUqCPkOJvXyOhI30B7wE5XuKX/jPRft+HZCO7K71EKP1mGaQZKOMqbIQdXtLW5oHnc/XcA2BZj6BH7mFySAZRl0qVXlJp3rDT1i7v39QRpgHz0WerAJHQWLcrkUdSAZzZj4t7aiG7n3TLbZzbt4Nz37YtIl7pAZG9pe4madmxvYM5eaXIvlHDSwMQg+Zpy66+
IYAG+hljN09zEjWgxcRYM5qotTIcPeeVKqxiIhBH5PpxfLOQnOahuo1CjXNjxrGye7aeF0uA6sDlMzmQiKSwKfkkRdTqJN9DKSkj2vtALcgQdIsfKzMhUqCPkOJvXyOhI30B7wE5XuKX/jPRft+HZCO7K71EKP1mGaQZKOMqbIQdXtLW5oHnc/XcA2BZj6BH7mFySAZRl0qVXlJp3rDT1i7v39QRpgHz0WerAJHQWLcrkUdSAZzZj4t7aiG7n3TLbZzbt4Nz37YtIl7pAZG9pe4madmxvYM5eaXIvlHDSwMQg+Zpy66+
XeAWw3qwtHJ9InEht7Ul94rYZ6zggYmsj0eGIY3fGXe6ewBMLh7Fh4pNPWYxKe7wI9KMwb2D7Te4UzTBU4vfPyvdgLSOQswYtwCgZJWX24GBvlHQp0yS/DmLwZNLBhJHUqYlDwlFAVVz+ws5VPbl1hE1VI/NIOFzmekuiBfyqyybrGm6xuC/9iACrMGtpwf0IQRzn6pD7GlAXOxx/R6nlpAtlOB5MoxHrUCbJotno88J5DuAEvPpWXUGa7wzm7lzaCWxj16vT7QpY8kzlWLfivyNqwE3IWyu201bHelty20K+huTYecyq5R9wa60
OhDSGSiXlQyOnXNtQX4bsxZq66/TFsEv1g6ODbsytelaErqigLg+vqMqQYS9yP3H8zngnifFP1NNZXcdBmLfs+Xf/juINWWuEA==
u/U7Xm+tdpy7P2tNor6tQSYziATcsfy14eDQY1E31oqTlEAPOuvCCKCgv1OUcUmK3L7RR2B9Duk+jd5WYG5wvPYmjz6blwKek/xjaJ9oOdcsdCuYTVl3QRN2rgU=
fXYb34dyrX4USZkzKYCS29eZf31gS2c+jXImUyzFiBS9r2hTfUSwBlZekalfOHew/5fcXB1rejRXIQYKfuTlXu0sbP30OTvd3pSgoer1rqFupd5+MCbDO2KUzxaLnyLWw1TjwM8gGd88XGsw3dHXCUNeri0=
Rc2/QeMy1E/We6EVR/sQRDZGkOlaEwtqi4/yDPBTzHSsLGKZms1OGR6d3kZAniMDEqwPrvsnwu6z7GN4vxj5Z0zkqwit6TexM2auFQ==
IfalNolumrQruJwjo4QUFBdq66/TFsEv1g6ODbsytelaErqigLg+vqMqQYS9yP3H8zngnifFP1hMZXcdBmLfs+Xf/juINWWuEA==
IXXIqbnOWMNp2bGvR5XpMzZGkOlaEwtqi4/yDPFTzHSsLGKZms1OGR6d3kZAniMDEqwPrvsnwu6z7Gh5vxj5Z0zkqwit6TexM2auFQ==
ox85oNwML70Hx8tckmJGk+F1L+DkNFpa6BJE3OlqCVckpqDR6uQ4pbhayA+ZtvA053B10BHKxXKME30fHYNPXjOJDjs9xLwULnAX8bLWjVVlercrfvQ+PDmz/TKVGo2htvSN7vX6EQmGR19glOa/NJH3LwLb/Za9jsf2/dwcIBIQCeuhGEjfO4Dqf7Y9EPszYAzdRgxo7JUko4/1Ra5Pu6fR0jdKwNx3MX/RoXIxk+unWOLtGrOxNbPbDtmQj1oKdGwesHxaajqVsCE/11+NuCiSExaWBhzJ9VBbE9EC3/V/hJOJRzGxwYms7yiJ5q0prge11wnknBrW3Zf3/BtZ/mp9yw5QBESjqHKGZMvoIPYkH46J+f38nQfiFmlal32kVHRmUzLAfLWOaDKDV7evarZtCSpm7DRs8HtLLOa2DBhLyK9QObGed8m8g9xmxhYTGEKlmwSLz6x6nHtpJ4WkB7uNKQdLy7IhtR0BuADJQ93BAcw0bYIPNvAi3MFdh1e0keTDHzrjPCkwfPxx7X6XVkBNBGCJkvwHfaCrJruHc495RMsAgpM5mUVme7wju8kzuIUhD+5P//R5Qzkz5UIPSkztG4GngTxuK21LGv2N+y1aGosTEUfCa8Qd8a6E
fKdb/mQILaUTDKKuqaHTZr8sbI5KS5zMzXCB1P2Rn+JQ5Bj+w5qbVPRhQ7boBfiWOH4UWU4Zbi9Y3+LEwqTvvwuDbijMJcqNF/qg3Zfom8uJk1M7GgRD81xPsOj/cYQO490jn9P9NwgiKVFTKNfaywxNRbQ+
Fm4ubpTYVGopVvR4o88oS78sbI5KS5zMzXCB1P2Rn+JQ5Bj+w5qbVPRhQ7boBfiWOH4UWU4Zbi9Y3+LEwqTvvwuDbijMJcqNF/qg3Zfom8uJk1M/ExNE81xPsOj/cYQO490jmtL9NwgiKVFTKNfaywxNRbQ+
UAefSJzLgycX/85JPydCRb8sbI5KS5zMzXCB1P2Rn+JQ5Bj+w5qbVPRhQ7boBfiWOH4UWU4Zbi9Y3+LEwqTvvwuDbijMJcqNF/qg3Zfom8uJk1M7GgRD81xPsOj/cYQO490jktT9NggiKVFTKNfaywxNRbQ+
whHEbJIab70zYMspm/uNmhZw7a/PDsAv1g6ODbsytelaErqigLg+vqMqQYS9yP3H8zngnifFP1tNZXUYBmHds+Tf/juINXm0Ag==
b2ATcoufGw98sZX/pmbW/A6qxvlMWaK43EhsF2uNhOIh2i4uLY7nG1zYgoJoyCa+u9opt4qcL4c7ibh+T1WH27X13bhekZVzLI8GW6AFYbQa
qM3EN1bjDriSFYPTaozuDRdw7a/PDsAv1g6ODbsytelaErqigLg+vqMqQYS9yP3H8zngnifFP11NZXUYBmHds+Tf/juINXm0Ag==
M/EWPk1E2fXLz70IoAFUnw6qxvlMWaK43EhsF2uNhOIh2y4uLY7nG1zYgoJoyCa+u9opt4qcL4c7ibh+T1WH3bX13bhekZVzLI8GW6AFYbQa
AXl3cjswcfqKzusxCvaFtuZ9eH0/wgfGkoSXmOBrAhDJ4YrpHpAbqxtD1MPkJjR3GdaMt7ah04m8mwRuR+0+zoxTWlMBjn5dSQBfCr/iOfab/erqTw89/bBAt0XKOOd2w6ejCCTBy0x7B8Gr3wdHQLQ5
lvJ9YxKFh2PoiieIuJ3Or+Z9eH0/wgfGkoSXmOBrAhDJ4ZDqOddDhFgHz9HDczRRGYjXp/PrjY+8nQJOW/AZ25hbW1MAlHhdVRheCr/iOfab/erqTw89/bBAt0XKOOd2zqSjCCTBy0x7B8Gr3wdHQLQ5
xZsUO6AXU6RfvICFp7OdbaICD28adnpdb5oJScb6zlIUILI+L7LV9EmgYWdPkbROUz1zmQRdQEjSCSHT+PfKC5wtdbQO
TJRD8urxpClVoH+DO2mfoXJIo5j2Walj3B7BQKFnm9gUCLqigLg+vqMqQZeyzOfH8zngnifFP1lIZXQYBmHds+Tf/juINXm0Ag==
zMBHFZAbBwp3l/w3g8dLEKMCD28adnpdb5oJScb6zlIUILI+L7LV9EmgYWdPkbROUz1zkwRdQEjSCSHT+PfKC5wtdbQO
Py0A4o9y5PSp3MFk4OGrS3JIo5j2Walj3B7BQKFmm9gUCLqigLg+vqMqQZeyzOfH8zngnifFP1NIZXQYBmHds+Tf/juINXm0Ag==
qRkPXl0ZDJq3jjXDz/EOQ6ACD28adnpdb5oJScb6zlIUILI+L7LV9EmgYWdPkbROUz1zngFdT0jSCSHT+PfKC5wtdbQO
+mvRlMjjyrRUafi4PPk1tnJIo5j2Walj3B7BQKFlm9gUCLqigLg+vqMqQZeyzOfH8zngnifFP15NZXsYBmHds+Tf/juINXm0Ag==
4dbTjGsumyd4kSxjEbM+fBZo4a/WGN8v1g6ODbsytelaErqigLg+vqMqQYS9yP3H8zngnifFP1tMZXsYBmHds+Tf/juINXm0Ag==
9N8WY3WMp/ZWI0KFi/0eeg6u37sOHeTgokhsF2uNhOIh2jYiLZfxBFzYgoJoyCa+u9opt4qcL4c7ibh+T1WH27T107hekZVzLI8GW6AFYbQa
vkowH0aDdRhgnbjAaaxEMBdo4a/WGN8v1g6ODbsytelaErqigLg+vqMqQYS9yP3H8zngnifFP19PZXsYBmHds+Tf/juINXm0Ag==
+lTL2JajEdkECL4h0k7GFA6u37sOHeTgokhsF2uNhOIh2zYiLZfxBFzYgoJoyCa+u9opt4qcL4c7ibh+T1WH37f107hekZVzLI8GW6AFYbQa
kpyJ0bwuOpT9NGT/YD+zFhdo4a/WGN8v1g6ODbsytelaErqigLg+vqMqQYS9yP3H8zngnifFP1tNZXoYBmHds+Tf/juINXm0Ag==
mCeCCWToCfvpktxIibKxou/I8EsILJ+Nh118k8jzlX3mW5PvoMUJVk954JbISiIM5P55HmNsz8zH1wld0lZlMWX71xH4kLSFp2NemwxTqgFjtBg=
QNrCxxnOxQxTdkdOxx+MxcvXlG9bye/xew9T76+VaPp/US6cQcmmrBl6vMGqFS4BLoXeXnCGQ9si9M/2S/+idgN06+APjZy//75rUZ0xV6kDYrQf
qNQFJsSigRqzb043b1LbAxZo4a/WGN8v1g6ODbsytelaErqigLg+vqMqQYS9yP3H8zngnifFP1tNZXoYBmHds+Tf/juINXm0Ag==
xcB7eNbMGkMwxZoU9TyBU+/I8EoILJ+Nh118k8jzlH3mW5PvoMUJVk954JbISiIM5P55HmNsz8zH1wld0lZlMWX71xH4kLSFp2NemwxTqgFjtBg=
eGuGffMcDCp+sGRiArIoNsvXlG9bye/xew9T76+VaPp/US6cQMmmrBl6vMGqFS4BLoXeXnCGQ9si9M/2S/+idgN06+APjZy//75rUZ0xV6kDYrQf
XeqkEWN9LGyBX4RQAS9UB6MCD28adnpdb5oJScb6zlIUILI+L7LV9EmgYWdPkbROUz1zmwFdTkjSCSHT+PfKC5wtdbQO
u8JSNauaJEmyWjFS6ziLxgdgvJ1XY/zyRY8qXQRlYYYHOSjm4Go6/Pz+YW57TOc8jxfBDTr23aEde2+BAPAcVe+jFqvkM7Ixe7QA
iQcLVFeKoGjjLxOBP9SgWVMnhJgqCV1jioTwQeAImCjoAGCZms1OGR6d3kZAniMDEqwPrvsnwu6z7Gt4vxX8Z0/mqwmt6TexM3q0Bw==
uVKYsySFNuWR03HFzJdD0aACD28adnpdb5oJScb6zlIUILI+L7LV9EmgYWdPkbROUz1zmwFdTkjSCSHT+PfKC5wtdbQO
hvLSNGZxdCHX/G+3GLYGBgdgvJ5XY/zyRY8pXQRlYYYHOSjm4Go6/Pz+YW57TOc8jxfBDTr23aEde2+BAPAcVe+jFqvkM7Ixe7QA
77je3MPnEk39N/dtZxfirVMnhJgqCV1jioTwQeAImCjrAGCZms1OGR6d3kZAniMDEqwPrvsnwu6z7Gt4vxX8Z0/mqwmt6TexM3q0Bw==
Pq89annGNrBM+dcv4iXbOqICD28adnpdb5oJScb6zlIUILI+L7LV9EmgYWdPkbROUz1zmwFdTkjSCSHT+PfKC5wtdbQO
xH1ZyyIjpJiy9iohj5Hw/gdgvJxXY/zyRY8rXQRlYYYHOSjm4Go6/Pz+YW57TOc8jxfBDTr23aEde2+BAPAcVe+jFqvkM7Ixe7QA
ejMe3w2XumNPpsTj6Kt1TlMnhJgqCV1jioTwQeAImCjpAGCZms1OGR6d3kZAniMDEqwPrvsnwu6z7Gt4vxX8Z0/mqwmt6TexM3q0Bw==
AF+awbVR5bOwKbvmUOvj4C5GgeoKRhN/jqy/Q7QBiTq8LlHXgM1OGR6d3kZAnjAMFrYPrvsnwu6z7G54vxX8Z0/mqwmt6TexM3q0Bw==
GWt4uY6qUoYCiTd2nWWyn2npy1394X0JPZr6igU5IzW2kc8zpykMe/n7ks0LUkVpyvLqYlDYLr6zyhHEbahtR4PZUN7XpQ9ePUVKWPbBbTN0fy57WBVptBI=
ZYuwwbWJDh58hHxGTPH7oTmcbyWtjawTSHP96adVV0mwiknt5N4P90A6K5vnNEo0pNqehGB+/Zbf7yxwuTetBT7mOfkhvhNZpGCY3UNDemMgQ1YJZ7Qc
krC+gHmfRgj6FMLmyrJU8XtEv0l0/P+H/P3Z7gSCsbNoUf6thhFewsgioJju2q8KU/uyGusgrjx3aSwzd8rL7cX1B4UrdrQD
WlaI1r3JkgnQPScX+sdH83PP2uJQQabCvkg5Dy7A2qczqRZtY4L9KRLCgoJoyCa+u9oppIWYNYc7ibh+T1WH3rX10rhekZVzLI8GW6AFYbQa
BaoHC+oNQ2KpKOqH5w2b0zjj0pZaUUq4rWf/OFVGbn6xBK9pjegCZFz6tnR4fuXm989UoHF3ZbVmBpFp2T6ryczAQK2LgzKzGCO+OX+0BA==
FVyv8VlUAAZQhPhZ6xO+5XtEv0t0/P+H/P3Z7gSCsbNoUf6thhFewsgioJju2q8KU/uyGusgrjx3aSwzd8rL7cX1B4UrdrQD
Ns7yhrIacLft+SzIXJx2h3PP2uJQQaTCvkg5Dy7A2qcxqRZtY4L9KRLCgoJoyCa+u9oppIWYNYc7ibh+T1WH3rX10rhekZVzLI8GW6AFYbQa
igKKX71pUrJD15XOmH3Rvjjj0pZaUUq4rWf/OFVGbn6xBK9rjegCZFz6tnR4fuXm989UoHF3ZbVmBpFp2T6ryczAQK2LgzKzGCO+OX+0BA==
1tkbs/lIp03bk0C22YhIkHtEv0p0/P+H/P3Z7gSCsbNoUf6thhFewsgioJju2q8KU/uyGusgrjx3aSwzd8rL7cX1B4UrdrQD
yetrd2LajODLMWyUTGXzl3PP2uJQQaXCvkg5Dy7A2qcwqRZtY4L9KRLCgoJoyCa+u9oppIWYNYc7ibh+T1WH3rX10rhekZVzLI8GW6AFYbQa
S8HhekaSlHy8JiXmnE/69jjj0pZaUUq4rWf/OFVGbn6xBK9qjegCZFz6tnR4fuXm989UoHF3ZbVmBpFp2T6ryczAQK2LgzKzGCO+OX+0BA==
6njsP4TmPhN9appgADV4Xi5GgesKRhN/jqy/Q7QBiTq8LlHXgM1OGR6d3kZAnjAMFrYPrvsnwu6z7G54vxX8Z0/mqwmt6TexM3q0Bw==
Qp96Cg2MStrZeKoiNlpqfWnpy1394XwJPZr6igU5IzW2kc8zpikMe/n7ks0LUkVpyvLqYlDYLr6zyhHEbahtR4PZUN7XpQ9ePUVKWPbBbTN0fy57WBVptBI=
sHe5dOvEIbDKfeLCG3bSCzmcbyWtjawTSHP96adVV0mwiknt5N4P9kA6K5vnNEo0pNqehGB+/Zbf7yxwuTetBT7mOfkhvhNZpGCY3UNDemMgQ1YJZ7Qc
FnyVBQ/pwayTNKa1SSJMYxbsuyeOLsVHznalPEyjvis260JTHgyU6MlvtgWONH+hWnwPQogQS0M0JQM42/PJzw+DL3S0DQ==
yQBPHU4nq1ZuKDdl6ldtntbzlMrA/k+68AcWv6Z/yteeiBx8WfseoS6Q13UKqEeGyNQDl2TxKxz71+HbH5cncLQJ
lDBfrh565BH+zHZIneoSWNbzlMrA/k268AcWv6Z/yteeiBx8WfseoS6Q13UKqEeGyNQDl2TxKxz71+HbH5cncLQJ
BTBYxN2AxsJJSbTxZfePjNbzlMrA/ky68AcWv6Z/yteeiBx8WfseoS6Q13UKqEeGyNQDl2TxKxz71+HbH5cncLQJ
yKHk7kOtr/xc81Ob1iI0jBbsuyeOLsRHznalPEyjvis260JTHgyU6MlvtgWONH+hWnwPQogQS0M0JQM42/PJzw+DL3S0DQ==
QFMiNY74yidrSmVr/TA6Tyk1NgihNly1ogkexXZpXsrYOpGx0u/+wgMj0vKb2C+35/GMm8dyC6UVreft2w60Cw==
82qyWVRTEZxqd75wlpFyzZAeu1/MSvcjs9Q+LJiKUuz0/ml+kz0eYFpGeb1iFrVRlf/kMahQxCUX48773BOaIXO0CA==
Or3VNbssuTlRWQ7ka1iDSkFEf8k9aJKELDrmVEh+1cYnjarI9ubVFTbG4YnJP7jp/ICQzXsDohOo4+7ZD7R0
ov9RqWmDoErJYv0lEjoPkkFEf8s9aJKELDrmVEh+1cYnjarI9ubVFTbG4YnJP7jp/ICQzXsDohOo4+7ZD7R0
i6zqeT5tlj11lBVB9CzgNkFEf8o9aJKELDrmVEh+1cYnjarI9ubVFTbG4YnJP7jp/ICQzXsDohOo4+7ZD7R0
2L4CeOHaD8vKM1QP40GUBSg1NgihNly1ogkexXZpXsrYOpGx0u/+wgMj0vKb2C+35/GMm8dyC6UVreft2w60Cw==
jWdSfNQLS2UrHvv/as1m1Uiw4Ck6nY5J/u3eNqDO4V26C54eW/eCPtMcb4vfxby371YruQ259+HTCrR3
A0/330M/ZX74WZ478x+y7Uuw4Ck6nY5J/u3eNqDO4V26C54eW/eCPtMcb4vfxby371YruQ259+HTCrR3
bHgN7b993hqSoWevCYk4h0mw4Ck6nY5J/u3eNqDO4V26C54eW/eCPtMcb4vfxby371YruQ259+HTCrR3
tCIRIWdlCDQhZDvbcMktP5Aeu17MSvcjs9Q+LJiKUuz0/ml+kz0eYFpGeb1iFrVRlf/kMahQxCUX48773BOaIXO0CA==
dXTe3sZaVUxciWiKcGdvEaECD28adnpdb5oJScb6zlIUILI+L7LV9EmgYWdPkbROUz1zkgVdTkjSCSHT+PfKC5wtdbQO
f+wxOO5uvkT73r+ZTaBlqnJIo5j2Walj3B7BQKFkm9gUCLqigLg+vqMqQZeyzOfH8zngnifFP1JJZXoYBmHds+Tf/juINXm0Ag==
MuFsd1+ek6e5VNOD0nZ/0hRo4a/WGN8v1g6ODbsytelaErqigLg+vqMqQYS9yP3H8zngnifFP15IZXoYBmHds+Tf/juINXm0Ag==
BeA95yoPjDGl74JyierDuA6u37sOHeTgokhsF2uNhOIh2DYiLZfxBFzYgoJoyCa+u9opt4qcL4c7ibh+T1WH3rD10rhekZVzLI8GW6AFYbQa
diEoXf/HN0jLRKnUTyuwSKYCD28adnpdb5oJScb6zlIUILI+L7LV9EmgYWdPkbROUz1znAFdR0nSCSHT+PfKC5wtdbQO
wYolt1h7eeT3V8PbBq4v1HJIo5j2Walj3B7BQKFjm9gUCLqigLg+vqMqQZeyzOfH8zngnifFP1xNZXMZBmHds+Tf/juINXm0Ag==
sY0qZnyPSzOx9IHWojOwuxVo4a/WGN8v1g6ODbsytelaErqigLg+vqMqQYS9yP3H8zngnifFP1hMZXMZBmHds+Tf/juINXm0Ag==
fCmoTduj76JMMRPLI1TGcg6u37sOHeTgokhsF2uNhOIh2TYiLZfxBFzYgoJoyCa+u9opt4qcL4c7ibh+T1WH2LT127lekZVzLI8GW6AFYbQa
7/+XxzcBesR/K8cfq6ni1hJo4a/WGN8v1g6ODbsytelaErqigLg+vqMqQYS9yP3H8zngnifFP1pPZXMZBmHds+Tf/juINXm0Ag==
3zMr3S4CLRNOg+dL5wdnKg6u37sOHeTgokhsF2uNhOIh3jYiLZfxBFzYgoJoyCa+u9opt4qcL4c7ibh+T1WH2rf127lekZVzLI8GW6AFYbQa
Ogb2grSHBdvSO+uxbTYwQBJo4a/WGN8v1g6ODbsytelaErqigLg+vqMqQYS9yP3H8zngnifFP19OZXMZBmHds+Tf/juINXm0Ag==
1SPO7HvEXOsEWDLTpPQ0I+/I8E4ILJ+Nh118k8jzkH3mW5PvoMUJVk954JbISiIM5P55HmNsz8zH1wld0lZlMWX/1BHxkbSFp2NemwxTqgFjtBg=
zNc49SXZasKNWAneDqWIXMvXlG9bye/xew9T76+VaPp/US6cRMmmrBl6vMGqFS4BLoXeXnCGQ9si9M/2S/+idgN07+MPhJ2//75rUZ0xV6kDYrQf
C28kjgUc45T5mgDu+aGzX6ECD28adnpdb5oJScb6zlIUILI+L7LV9EmgYWdPkbROUz1znwJdR0nSCSHT+PfKC5wtdbQO
fJdsRmohWQbxGXk61DNfGQdgvJ9XY/zyRY8oXQRlYYYHOSjm4Go6/Pz+YW57TOc8jxfBDTr23aEdf2yBCfEcVe+jFqvkM7Ixe7QA
FMslN3xBv1jOVdZnYW5fiVMnhJgqCV1jioTwQeAImCjqAGCZms1OGR6d3kZAniMDEqwPrvsnwu6z7G97vxz9Z0/mqwmt6TexM3q0Bw==
wHF9XA0lUUhgL/bFT4ErcaYCD28adnpdb5oJScb6zlIUILI+L7LV9EmgYWdPkbROUz1znwJdR0nSCSHT+PfKC5wtdbQO
FmzafSQcyOutnn8zSgvsdwdgvJhXY/zyRY8vXQRlYYYHOSjm4Go6/Pz+YW57TOc8jxfBDTr23aEdf2yBCfEcVe+jFqvkM7Ixe7QA
3zHn0lx9elJr/CNu341LQVMnhJgqCV1jioTwQeAImCjtAGCZms1OGR6d3kZAniMDEqwPrvsnwu6z7G97vxz9Z0/mqwmt6TexM3q0Bw==
rnlgeTQwSz+QEFTkwffdhxVo4a/WGN8v1g6ODbsytelaErqigLg+vqMqQYS9yP3H8zngnifFP19OZXMZBmHds+Tf/juINXm0Ag==
RBlcYQIhk65/qXTJdCsdEe/I8EkILJ+Nh118k8jzl33mW5PvoMUJVk954JbISiIM5P55HmNsz8zH1wld0lZlMWX/1BHxkbSFp2NemwxTqgFjtBg=
KRTdOTltHxfh7roFE/4GysvXlG9bye/xew9T76+VaPp/US6cQ8mmrBl6vMGqFS4BLoXeXnCGQ9si9M/2S/+idgN07+MPhJ2//75rUZ0xV6kDYrQf
33TK9J5HoCx7dL/Hgml/SBRo4a/WGN8v1g6ODbsytelaErqigLg+vqMqQYS9yP3H8zngnifFP19OZXMZBmHds+Tf/juINXm0Ag==
CrdbX2aBXISUlerINhP62O/I8EgILJ+Nh118k8jzln3mW5PvoMUJVk954JbISiIM5P55HmNsz8zH1wld0lZlMWX/1BHxkbSFp2NemwxTqgFjtBg=
sG8NQJ6lTCxjFeitIVM5CMvXlG9bye/xew9T76+VaPp/US6cQsmmrBl6vMGqFS4BLoXeXnCGQ9si9M/2S/+idgN07+MPhJ2//75rUZ0xV6kDYrQf
TP42VtN7z6rQC84U59QeLpAeu13MSvcjs9Q+LJiKUuz0/ml+kz0eYFpGeb1iFrVRlf3jMaBRxCUX48773BOaIXO0CA==
nRcxigltADvJI2+0R5+5BJAeu1zMSvcjs9Q+LJiKUuz0/ml+kz0eYFpGeb1iFrVRlf3jMaBRxCUX48773BOaIXO0CA==
VuylrWnIISHxhwgZIDfnvkFEf889aJKELDrmVEh+1cYnjarI9ubVFTbG4YnJPb/p9IGQzXsDohOo4+7ZD7R0
n6WziCkFL353iQFXFnQ5jE2w4Ck6nY5J/u3eNqDO4V26C54eW/eCPtMca43fzb2371YruQ259+HTCrR3
JOQb5lllIyibQEUwRM3j/ys1NgihNly1ogkexXZpXsrYOpGx0u/+wgMj0vKb2Cqx5/mNm8dyC6UVreft2w60Cw==
JlCxpfImV74X94u3lHXnW72z5pxai8I2Q2440V5uqUM0DNF997Nj1WJfHLmG95lUCDE9K18HLOmQ2N8XonAsMT71qGSS8/lSK1wHOMUoW7+urAfF8TNgcuMzkgI7iC2Hh2pN6+eiixX1vacde160Ow==
+kLZBQ2ONt/rDBAoXOP5z+Lzo8be2KnXTirJhc3cz0Xz0hh8TCRJrYzL0FAXJRBcZ6fd3tS7gsdbhet/YccJySgLAxqw6Je0TazbIxY492lZVwDOO8dCTnPMaVx/vn2Hj4ar6e2JtxFzWrQn
ksoFflVWR6J/PD1aPB+JB+VEncJnCC0ZnXRscmgIYoc5dArykmBPTGNVEQ41JinP9bGshIzyZ0PuNMO8vLRyL/0gaJjRhrPrkWNLOwJ0W9N0v3gotyHsrltN2xJtbU1pivmZk+DnsqsUfV20Jg==
IvKDDuf2va9KC/KmSlx8RdPMwr7RZH7z7tEz7SK99ce1TCBVuglMEQF609yq2ZO1JmhaPqjLFmft/3reANGYu5ciX3st68+7hvznQxgHnMgTeYAeh4UfXyglkZmmof2zxB+eu2h1WbQi
t8V+p+jVpak182J6+hrBPOVEncJnCCsZnXRscmgIYoc5dArykmBPTGNVEQ41JinP9bGshIzyZ0PuNMO8vLRyKf0gaJjRhrPrkWNLOwJ0W9N0v3gotyHsrltN2xhpbUxpivmZk+DnsqsUfV20Jg==
zqShT2XJFw+tBZvEowl3b78sbI5KS5zMzXCB1P2Rn+JQ5Bj+w5qbVPRhQ7boBfiWOH4UWU4Zbi9Y3+LEwqTvvwuDbijMJcqNF/qg3Zfom8uJk1M/ExNE81xPsOj/cYQO490jktH9NAkiKVFTKNfaywxNRbQ+
oZM5EyixkdSQIV9epwspGb8sbI5KS5zMzXCB1P2Rn+JQ5Bj+w5qbVPRhQ7boBfiWOH4UWU4Zbi9Y3+LEwqTvvwuDbijMJcqNF/qg3Zfom8uJk1M7GgRD81xPsOj/cYQO490jn9D9NAkiKVFTKNfaywxNRbQ+
wDu2ptuR/WAw7AnyXSxIDxZq663UHMAv1g6ODbsytelaErqigLg+vqMqQYS9yP3H8zngnifFP1hPZXAZBmHds+Tf/juINXm0Ag==
oPAYUb08iojDNBsB4vspmw6u37kEH+bkvUhsF2uNhOIh2jQoL5X1G1zYgoJoyCa+u9opt4qcL4c7ibh+T1WH2Lf12LlekZVzLI8GW6AFYbQa
vwHOPbXDc73SC95CtrCNgOVEncJnCCsZnXRscmgIYoc5dArykmBOTGNVEQ41JinP9bGshIzyZ0PuNMO8vLRyLf8qaprVmbPrkWNLOwJ0W9N0v3gotyHsrltN2xhqbUxpivmZk+DnsqsUfV20Jg==
iowicqaqn2aa5mrZsPy17X0pOx2/MjCr6gkJ2W9eGtCNLYKqyuX+wgMj0vKb2CO35/2Nm8dyC6UVreft2w60Cw==
P2EE6x9CO/v0ORJ7dsbPBWsWx7IXWwJ7z4XtWadIz262IBCa0s1ZBQeqmlwViTIWArEervsnwu6z7GN7vxn9Z0/mqwmt6TexM3q0Bw==
tuycuchjSdSGN8IiPj35/+VEncJnCCsZnXRscmgIYoc5dArykmBOTGNVEQ41JinP9bGshIzyZ0PuNMO8vLRyLf8qaprVmbPrkWNLPwtjXNN0v3gotyHsrltN2xxqbUdpivmZk+DnsqsUfV20Jg==
GdimKrDl5abM7OWgE7+wFL2z5pxai8I2Q2440V5uqUMuD/Y6t8Vr0WBVHruC6JlUCDE7K18HLOmQ2N8XonAsMT71qGSS8/lSK1wHOMUoW7+urAfF8TNgcuMzkgI7iCyEh2lO6+eiixX1vacde160Ow==
HNThxzOGFt2uIer1OeVKjjdfapLL1k6/oaGHSGnKxzfoetq9lJJ170kfMn+6/W3p0cMwLT/ImdGzGrp36gEp0Rbq7lThQh+uecMjBJI+DwNw6OOsAM+lScN/yXmEWgXAHC2nNTwEowRNruLX+pyqfZwzYfR1HPBE0qQ3K+k/JS1SA0G0vCwi5etz2AgIT/vQ/mTm8lVY60xSzAhzuRp1eCikbFoZUqc9A7aXD/WsKLQ9FtOMcAROWRs86XZLf6L2A/TjYw8Cnj//PmvRnbFXKQPitJ8=
mvzI9/eeIp+wOzeQzQ3BO+VEncJnCC0ZnXRscmgIYoc5dArykmBPTGNVEQ41JinP9bGshIzyZ0PuNMO8vLRyL/0gaJjRhrPrkWNLPwtjXNN0v3gotyHsrltN2xhtbUlrivmZk+DnsqsUfV20Jg==
fLBiqU33QV5FbdCZMfne8+VEncJnCCoZnXRscmgIYoc5dArykmBOTGNVEQ41JinP9bGshIzyZ0PuNMO8vLRyL/0gaJjRhrPrkWNLOwJ0W9N0v3gotyHsrltN2x1sbUlrivmZk+DnsqsUfV20Jg==
cRhZEp1r0L+9hSrFgX1a/6DHztqBxrRtWI3cstRz7NppL/u6P/+O8qq8X66t9JRhLL0iYqmC6v0780498KRPUmD40KJQDj8ABW8/HCkMcWwfx0ePkDUGktIXeidDYz5rOSvSVhUYUCrRKS3Bj3T/4Vq8jwKI1ssLMOWD+NuzSQ8Pw6+0tM0=
hqnuZesx3pjGbJA8w3bUbh+zeuFcYXO7qSFU1IL+N7/9P08j3jWEAqvpSD6fdbfYwRWKfO4xBfPc79YbkCVxtAo=
CtRnASfX15hyfMstU9KqPs7RUkHLkaU+ij8oliEVVX1vSIfdqgD3PkhqszfAWftEO48xs///1wi0cQ==
tsiZYGmEDTrApDu7RMySlI9d8kREad3BNHTEIZs7jcWeZlk5Qbg3mQzkeJ2jQ5ojgMP2yQe0fA==
bCvXI998JhtcYxdayNDT8KKsQYAF9riFbgwdrdro1yzijW/1/PztBcbW84b6+VFY9W2hFLy28enTMJPsQE/egFVrFBunCe/ug5lRFPZwHN+SnnVZ7lbcXAkTX4I0Y9eKiLN48E6LsvIdoe1IMyismipxtUVLs/7XntvdW422nv3fA6x8Z1h0i3w5Y45TSZjVo7sk2bWI4RpISegLr9MoVbeUnTyPqKPRmBkJxhsruq41xez8jcMFXhK76SoT2N/FhgAhtOS2un/zZ3odfhc/b+3iYCgI3AzA237kTNEW0vrVJAKamlthL5pKhkQnayQdFOFtv5NdLC+mYHOw825S58nu9Uk5Ox3aMb6wCkkyhEdwULPT5VNDpIU2jn1WPOt8rqZGQ3oH+WrekO6oQo1ivKIDyT7eG96+jQGIXmhar7MDzr6azJ3gc8/XOGRTVyUyCO0O8umsEzGrRCd434i1f/XSP/iIG89Goe4brRyezFLyR1B1ITYxojgObnJnmT1Rnfc+paHWGLJKT3cFaJp8wWOqcuJmcNEmY8YuWpgBLbQN4oTCzPh9jA9X3wDn3UHi8A5x0BPOtDoGkydqOUQfkZqs79KNgSsZcBXjyFvDab9P0w/ktJ0=
thpFJll5I2Ui1SC3mQJba6o9pxtdaFGNcl4lhUS2JrrW1m5t07ttC2Y5wroYxCSPrkNTMz2qAVWyTs8Q5o8j2hUX3+8KXEuUe7GmQSiJTVFsXGQdo/OeGk1bP74pyc1YotstgEIYYWBdMmg9kyL2+H84E59lkROlE7uS9FJz8RoHf8XfSiZcVqHwDNBcoaaOs1tPnoKwhtaCwY/jHZJiN67o7P4Dbv/od2bPss4GCxsnosyT41Yor1jlpZIGzjV8G2eIi31RBlaxK+8pV0Xg6bBUYt9JFBo3b2bAGfWX1Dw6+MxqE+9gsf1HJMdWJzN5BbgeGZpAxQs0yLgoex071NJ8rL9ELSe9pNJjhVH8ENeCtOnulw+jjluuzzohEQ2Ik96o+atYiUTH2+wMeFyqvRxzYbT13PCEUmQ3a2l/JW3Sw0F0PGwipWsz2MiIj/sQfiTmstWY64zSDAgzOVp1OKhkbJqZEqd9g/aXz3VsKHS9VtPM8MROmZv86TbLP6K2gzTto49HmH9/fmsRHXFX6YOitN8=
sVmmWSDAvQXIfh+mXelL7ekdQS9MqWOoRJM8/wwDM/URWeTGmsoIc8SN3G6lxLhNnO34ZV0u4q8gkDDQKyTw/3YLZXT/E4c7Lzu4MsXf6N7kmy95BqTZKY8o1VNlNsZ5zWbushk+6eC4i89Yvja7+lPZKdvLW8eJ4qJuqRk0Ix3l+abMZEjV4hwmQJuugLdZT5iOup7oljO/9WGIStlKyoyYL0QHNkM0n4QS/MNVY+AMVS+ccNEMV1VEupRd0r+FKC0RO77IRbl/X8v/aGc01uJZxZ6CifsUcI8JDXxSXlosjL9FGO9JlfRxCl17t8F6Xl/WCh314PrIfkfH0/r2HoyZqMcfo9DAc3NNxhjZhrbp6JsFu7BPXP8sXQslZnf8yJ+HcnGa84m8OqSmYvNYMaFyORao+gbWx73VJU3DdiHh0lAGmjufoUi+FDVznvqmZjRZEnMyRn64pcXA3VbMxox8NbjfIzckR3kpFmC6eZSTiryOlmdPzplg9+VKmKdWzoJjraBhC2x75wFLX+eHoLTZ
gevn33To9zfh+bq5wC8KA9EVhHklr+LfNCwbhlCDlw6QgQtaiuVzjGFu03mnTTjX7sR89DbXn+nu5sBuyX9pIM1/of6NsHS1R9GXAP2MzHhzb7p5hOpRXafOJc/B8SP/AURz/0ioZwPkYcN8gVRtGipLC2vsbQKTYdmDBR6eb5aQnoNg0UsWxqyutonxDSXF+hdgFWVi2cOLzGzpvOGZCmVYL16ZDmR0miFg/BDi6n2kO0iatRgmQIFsjK+QbKVbjoyXU41qDEtntUkezSLkHH0bDu8XONlHV2WM+MzEajlhe7pugWv5o5t8hT5E1gPf4/Pa3WvTYjPHfrrQiohxNJnv2Vm5RFkULHz5oPDJ6Co/VWXRx9oNvPLrxk5/0tY86iXapZ20dvoyHjJf1vJ6uYX4HlkagMXLtAi4aPtdO5RSvKx/xG0n/SSSY0XRPBAXAvTprhfPo07bbs96oVENyBMeqDkrGIkER5vszPicqn2cM2H0dRzwRNKkNyvpPyUtUgNBtLwsIuXrc9gICE/70P5k5vJVWOtMUswIc7kadXgopGxaGVKnPQO2lw/1rCi0PRbTjHAETlkbPOl2S3+i9gP07mQPB5g//z5r0Z2xVykD4rSf
r3pLJqIBu13frV1YUFgF7H0pOx2/MjCr6gkJ2W9eGtCMLYKqyuX+wgMj0vKb2CK15/yIm8dyC6UVreft2w60Cw==
KnRWBX7k6+iRnnTtl/nPKmsWx7IXWwJ7z4XtWadIz262IBCa0s1ZBQeqmlwUiTIWArEervsnwu6z7GJ5vxj4Z0/mqwmt6TexM3q0Bw==
0TmnQ/4vzSNj+T1v/ijUzHce2/sITBN6gJK/D+lGwGa3LFOR0s1ZBQeqmlwUiTIWArEervsnwu6z7GJ5vxj4Z0/mqwmt6TexM3q0Bw==
iwD6oDKlOLVzZ21b5hFY/GMZzPtZABVqm5XwXu1GwGa3LFOR0s1ZBQeqmlwUiTIWArEervsnwu6z7Gx6vxj4Z0/mqwmt6TexM3q0Bw==
w7/Ywb6eskLVEJplO6BWLWsWx7IXWwJ7z4XtWadIz262IBCa0s1ZBQeqmlwUiTIWArEervsnwu6z7Gx6vxj4Z0/mqwmt6TexM3q0Bw==
3130xcdzfUsAbjHVF95lfX80mtQ+kUwvSGtGfVD3wbxeJVsU2tjIlXrhDf8fva2Y6GyrCiNTZqPBv2t8Wg7wtzr8PvfODG+perR/2giOuwYQLRMAG4tZR29LH2y0FQ==
J3kjZtTukyeB5jtDNQX+AlJx9r6GWrpp0FfJROc5t+scQLq1nKEJ+rl+Voan3PrW8zngnifFP1tPZXYcBmHds+Tf/juINXm0Ag==
FfbfgHmnpZhIOXed7UIjuX80mtQ+kUwvSGtGfVD3wbxeJVsU2tjIlXrhDf8fva2Y6GyrCiNTZqPBv2t8Wg7wtzr8PvfODG+perR/2guIuwcQLRMAG4tZR29LH2y0FQ==
cWYTA97x8UKmjPLUS39TT9PSxrPDZnjp7ItjtmL4qp3AFmsCzQdOQFMuydici5ilZ3heMuaaWmnwl2nEB/nX6/wAGjU84en62b72BgccmtYTeYAeh4UfXS4llpymof2zxB+eu2h1WbQi
gTb9/EEXSQCGvAlw8KGtJNPSxrPDZnjp7ItjtmL4qp3AFmsCzQdOQFMuydici5ilZ3heMuaaWmnwl2nEB/nX6/wAGjU84en62b72BgccmtYTeYAeh4UfWCkllpymof2zxB+eu2h1WbQi
ot8JqKW0oNTWxzRYMhkbj9PSxrPDZnjp7ItjtmL4qp3AFmsCzQdOQFMuydici5ilZ3heMuaaWmnwl2nEB/nX6/wAGjU84en62b72BgccmtYTeYAeh4UfXygllpymof2zxB+eu2h1WbQi
GAFZnBxJ2uFPQNsiTK6sjlJx9r6GWrpp0FfJROc5t+scQLq1nKEJ+rl+Voan3PrW8zngnifFP1JIZXYcBmHds+Tf/juINXm0Ag==
niirds3AzIrRlY/4h2W9e340mtQ+kUwvSGtGfVD3wbxeJVsU2tjIlXrhDf8fva2Y6GyrCiNTZqPBv2t8Wg7wtzr8PvfODG+perR/2gKPuwcQLRMAG4tZR29LH2y0FQ==
BLMBHzaW8awVdLXaiqpgZ1Jx9r6GWrpp0FfJROc5t+scQLq1nKEJ+rl+Voan3PrW8zngnifFP1pNZXUcBmHds+Tf/juINXm0Ag==
mbC2EYegW9/1/T4Bh2/k9X80mtQ+kUwvSGtGfVD3wbxeJVsU2tjIlXrhDf8fva2Y6GyrCiNTZqPBv2t8Wg7wtzr8PvfODG+perR/2gqKuwQQLRMAG4tZR29LH2y0FQ==
R7ZlbfzQDho/CrDk5+dYzFJx9r6GWrpp0FfJROc5t+scQLq1nKEJ+rl+Voan3PrW8zngnifFP19NZXUcBmHds+Tf/juINXm0Ag==
HDMic90hlXyPbpd/ez9ErX40mtQ+kUwvSGtGfVD3wbxeJVsU2tjIlXrhDf8fva2Y6GyrCiNTZqPBv2t8Wg7wtzr8PvfODG+perR/2g+KuwQQLRMAG4tZR29LH2y0FQ==
wXODrEPU+2Htw3iaJq1bGkrq3UVjSsL9qXwWBMFZGPOZu/F02GCzJkN/vu9xU/Pw2oJoW4qw5tuuIHelSlgnls/E4+igoYuseyeBC1+nB2C0GQ==
clVKFAdu8yQW1lhniva1l3regbgEG/Dlj0gmEi7KwuloxyEkP4n/K1SQgpV00RH6oY4+pp+MMpY7ibh+T1WH3Lf13bxekZVzLI8GW6AFYbQa
navXishyTlBO39tXyUeBNlJx9r6GWrpp0FfJROc5t+scQLq1nKEJ+rl+Voan3PrW8zngnifFP1pOZXUcBmHds+Tf/juINXm0Ag==
BZiK+oYCPSXI5J+RFEWRdn80mtQ+kUwvSGtGfVD3wbxeJVsU2tjIlXrhDf8fva2Y6GyrCiNTZqPBv2t8Wg7wtzr8PvfODG+perR/2gqJuwQQLRMAG4tZR29LH2y0FQ==
wL8ycGdV1nuQurf+2ntHBlJx9r6GWrpp0FfJROc5t+scQLq1nKEJ+rl+Voan3PrW8zngnifFP11OZXUcBmHds+Tf/juINXm0Ag==
6MRLCom4JgGzU0PYtHLhc340mtQ+kUwvSGtGfVD3wbxeJVsU2tjIlXrhDf8fva2Y6GyrCiNTZqPBv2t8Wg7wtzr8PvfODG+perR/2g2JuwQQLRMAG4tZR29LH2y0FQ==
im38FuZBYtbSUUxxoHbPy0rq3UVjSsL9qXwWBMFZGPOZu/F02GCzJkN/vu9xU/Pw2oJoW4qw5tuuIHelSlgnls/D4+igoYuseyeBC1+nB2C0GQ==
oQwD0maTPpWcJFXr33THn3regbgEG/Dlj0gmEi7KwuloxyEkP4n/K1SQgpV00RH6oY4+pp+MMpY7ibh+T1WH3rD13bxekZVzLI8GW6AFYbQa
SqiLAGGwj8cF8rRQ1hcENErq3UVjSsL9qXwWBMFZGPOZu/F02GCzJkN/vu9xU/Pw2oJoW4qw5tuuIHelSlgnls7H4+mgoYuseyeBC1+nB2C0GQ==
F0bQKwpDKsu+pdXhrCQvdNPSxrPDZnjp7ItjtmL4rJ3BFmsCzQdOQFMuydici5ilZ3heMuaaWmnwl2nEB/nX6/wAGjU84en62b72BgccmtYTeYAeh4UfUi8llJymof2zxB+eu2h1WbQi
1At/Q4dEjGvd331wrWfuw9PSxrPDZnjp7ItjtmL4rJ3BFmsCzQdOQFMuydici5ilZ3heMuaaWmnwl2nEB/nX6/wAGjU84en62b72BgccmtYTeYAeh4UfXC4llJymof2zxB+eu2h1WbQi
ezZEihd4svpaxw3EvPUIC30pOx2/MjCr6gkJ2W9eGtCNLYKqyuX+wgMj0vKb2Cux5/+Im8dyC6UVreft2w60Cw==
a2eXKERUm0sQ897LETgonWsWx7IXWwJ7z4XtWadIz262IBCa0s1ZBQeqmlwViTIWArEervsnwu6z7Gt9vxv4Z0/mqwmt6TexM3q0Bw==
rnwun/zGsi/xXo7LU2PPin80mtQ+kUwvSGtGfVD3wbxeJVsU2tjIlXrhDf8fva2Y6GyrCiNTZqPBv2t8Wg7xtzr8PvfODG+perR/2guPuwUQLRMAG4tZR29LH2y0FQ==
9O4snIq7Np7cGx4ZIALknHregbgEG/Dlj0gmEi7KwuloxyEkP4n/K1SQgpV00RH6oY8+pp+MMpY7ibh+T1WH3rD13LxekZVzLI8GW6AFYbQa
dZoXIZwql8d92WvRKr7lplJx9r6GWrpp0FfJROc5t+scQLq1nKEJ+rl/Voan3PrW8zngnifFP1xMZXocBmHds+Tf/juINXm0Ag==
PYYfZHyvMghMVTIGZoRhon80mtQ+kUwvSGtGfVD3wbxeJVsU2tjIlXrhDf8fva2Y6GyrCiNTZqPBv2t8Wg7xtzr8PvfODG+perR/2gyLuwsQLRMAG4tZR29LH2y0FQ==
E4s3iDaYM7YMJMbn293Me1Jx9r6GWrpp0FfJROc5t+scQLq1nKEJ+rl/Voan3PrW8zngnifFP1NMZXocBmHds+Tf/juINXm0Ag==
XivkhZZLjIePx7Ky44ZlsH80mtQ+kUwvSGtGfVD3wbxeJVsU2tjIlXrhDf8fva2Y6GyrCiNTZqPBv2t8Wg7xtzr8PvfODG+perR/2gOLuwsQLRMAG4tZR29LH2y0FQ==
JTqeKCieTELemWdXfR64sdPSxrPDZnjp7ItjtmL4pZ3AFmsCzQdOQFMuydici5ilZ3heMuaaWmnwl2nEB/nX6/wAGjU84en62b/2BgccmtYTeYAeh4UfWS4lmpymof2zxB+eu2h1WbQi
0H8NyRJR6PFi8IA8Se4YBNPSxrPDZnjp7ItjtmL4pZ3AFmsCzQdOQFMuydici5ilZ3heMuaaWmnwl2nEB/nX6/wAGjU84en62b/2BgccmtYTeYAeh4UfWCklmpymof2zxB+eu2h1WbQi
jqcrJBHXZ3xNQ/mIPi3dplJx9r6GWrpp0FfJROc5t+scQLq1nKEJ+rl/Voan3PrW8zngnifFP1hJZXocBmHds+Tf/juINXm0Ag==
ScogCnktyRBcSS0UqKSC4H40mtQ+kUwvSGtGfVD3wbxeJVsU2tjIlXrhDf8fva2Y6GyrCiNTZqPBv2t8Wg7xtzr8PvfODG+perR/2giOuwsQLRMAG4tZR29LH2y0FQ==
ccAGM1x6JRmU8moVOaBBgErq3UVjSsL9qXwWBMFZGPOZu/F02GCzJkN/vu9xU/Pw2oJpW4qw5tuuIHelSlgnlsrG4+6hoYuseyeBC1+nB2C0GQ==
OrQjdGFtNYciq5aO5r7ONNPSxrPDZnjp7ItjtmL4r53BFmsCzQdOQFMuydici5ilZ3heMuaaWmnwl2nEB/nX6/wAGjU84en62b/2BgccmtYTeYAeh4UfXS8lk52mof2zxB+eu2h1WbQi
nMn5eOFYT8JenSWAoYZWltPSxrPDZnjp7ItjtmL4rJ3BFmsCzQdOQFMuydici5ilZ3heMuaaWmnwl2nEB/nX6/wAGjU84en62b/2BgccmtYTeYAeh4UfUi8lk52mof2zxB+eu2h1WbQi
AZH0qkmTufvdWQks9EAqNdPSxrPDZnjp7ItjtmL4r53BFmsCzQdOQFMuydici5ilZ3heMuaaWmnwl2nEB/nX6/wAGjU84en62b/2BgccmtYTeYAeh4UfXC4lk52mof2zxB+eu2h1WbQi
YJi/vkzhVg6Z/DIXHDkpo9PSxrPDZnjp7ItjtmL4r53BFmsCzQdOQFMuydici5ilZ3heMuaaWmnwl2nEB/nX6/wAGjU84en62b/2BgccmtYTeYAeh4UfXCklk52mof2zxB+eu2h1WbQi
Hdly0HJPgQnXq/4gdr4am1LG4MBbJiHUgnJZ44QNORkVEnDK38jzLUq5yYmPLhrArR3CeqoVflKjkxKie6gsoMfIyUungos1tR0nvTt+tBs=
Oyl32ztvhFt0SFsxXQKZmFJx9r6GWrpp0FfJROc5t+scQLq1nKEJ+rl/Voan3PrW8zngnifFP1lIZXMdBmHds+Tf/juINXm0Ag==
uGGf46xclFk0sZNBbeRYYH80mtQ+kUwvSGtGfVD3wbxeJVsU2tjIlXrhDf8fva2Y6GyrCiNTZqPBv2t8Wg7xtzr8PvfODG+perR/2gmPuwIRLRMAG4tZR29LH2y0FQ==
78f/fsN/oYhRIBWXGBO7/1LG4MBbJiHUgnJZ44QNORkVEnDK38jzLUq5yYmPLhrArR3CeqoVflKjkxKie6gsocfIyUungos1tR0nvTt+tBs=
AanxhHkq8y4fUeHtEMDwoVJx9r6GWrpp0FfJROc5t+scQLq1nKEJ+rl+Voan3PrW8zngnifFP11NZXIdBmHds+Tf/juINXm0Ag==
9+aOC3WJ90WCYxNfrHaFsH80mtQ+kUwvSGtGfVD3wbxeJVsU2tjIlXrhDf8fva2Y6GyrCiNTZqPBv2t8Wg7wtzr8PvfODG+perR/2g2KuwMRLRMAG4tZR29LH2y0FQ==
1jnNerkfNghc7ePASP760VLG4MBbJiHUgnJZ44QNORkVEnDK38jzLUq5yYmPLhrArB3CeqoVflKjkxKie6gjpMfJyUungos1tR0nvTt+tBs=
WpPcQSQGsxAMhY0jKoRpFlJx9r6GWrpp0FfJROc5t+scQLq1nKEJ+rl+Voan3PrW8zngnifFP1pMZXIdBmHds+Tf/juINXm0Ag==
9yKgQOBCoON3e7xf/L51MH40mtQ+kUwvSGtGfVD3wbxeJVsU2tjIlXrhDf8fva2Y6GyrCiNTZqPBv2t8Wg7wtzr8PvfODG+perR/2gqLuwMRLRMAG4tZR29LH2y0FQ==
3WaznHH1pRs5MHsHealxClLG4MBbJiHUgnJZ44QNORkVEnDK38jzLUq5yYmPLhrArB3CeqoVflKjkxKie6gvpcfJyUungos1tR0nvTt+tBs=
kc0gqgjLAOcnbRnrjAfHSX0pOx2/MjCr6gkJ2W9eGtCMLYKqyuX+wgMj0vKb2Cu35/yMm8ZyC6UVreft2w60Cw==
xucgUwnawOp2HSOJybisgGsWx7IXWwJ7z4XtWadIz262IBCa0s1ZBQeqmlwUiTIWArEervsnwu6z7Gt7vxj8Z07mqwmt6TexM3q0Bw==
2OeAGlhBUlZ7KIxFy2tix3ce2/sITBN6gJK/D+lGwGa3LFOR0s1ZBQeqmlwUiTIWArEervsnwu6z7Gt7vxj8Z07mqwmt6TexM3q0Bw==
yNzIbJy75na/qB4OnwjrKSZ420OS4om7vbaIN08n0I+TgkdrObDVGruF8E7NNgDW17zTATJ9GfUnuppMNHlypuIhnj6blwKek/xjbJ9oPNcudiuZTVl3QRNqtBc=
CiobHuLzRL9EW3C/TBpBJCZ42kOS4om7vbaIN08n0I+TgkdrObDVGruF8E7NNgDW17zTATJ9GfUnuppMNHlypuIhnj6blwKek/xjap9pPNcudiuZTVl3QRNqtBc=
W0Or9pwJb3XLqlaWTAfg330pOx2/MjCr6gkJ2W9eGtCNLYKqyuX+wgMj0vKb2C2w5/2Mm8ZyC6UVreft2w60Cw==
nENuNjN517MWG0qO8HCSm2sWx7IXWwJ7z4XtWadIz262IBCa0s1ZBQeqmlwViTIWArEervsnwu6z7G18vxn8Z07mqwmt6TexM3q0Bw==
PWQcbtxNsxyFcG5BcN6YoHce2/sITBN6gJK/D+lGwGa3LFOR0s1ZBQeqmlwViTIWArEervsnwu6z7G18vxn8Z07mqwmt6TexM3q0Bw==
m614PwIMMOnDdSo4lbybtSZ420OS4om7vbaIN08n0I+TgkdrObDVGruF8E7NNgDW17zTATJ9GfUnuppMNXlypuIhnj6blwKek/xoaJ9qPNcudiuZTVl3QRNqtBc=
e9Lb5CyA2nx1HvMS4Rn07SZ42kOS4om7vbaIN08n0I+TgkdrObDVGruF8E7NNgDW17zTATJ9GfUnuppMNXlypuIhnj6blwKek/xjaZ9qPNcudiuZTVl3QRNqtBc=
i37jujh6P7eJex1sZ2N1hWMZzPtZABVqm5XwXu1GwGa3LFOR0s1ZBQeqmlwUiTIWArEervsnwu6z7Gh9vxv8Z07mqwmt6TexM3q0Bw==
Eoz/8/mTW4w3gcUKlgbOhWsWx7IXWwJ7z4XtWadIz262IBCa0s1ZBQeqmlwUiTIWArEervsnwu6z7Gh9vxv8Z07mqwmt6TexM3q0Bw==
8CmJ11J9vwenMfEABOIQPX80mtQ+kUwvSGtGfVD3wbxeJVsU2tjIlXrhDf8fva2Y6GyrCiNTZqPBv2t8Wg7wtzr8PvfODG+perR/2giPuwUULRIAG4tZR29LH2y0FQ==
QqIubJY6I60gdjY6P42F7FJx9r6GWrpp0FfJROc5t+scQLq1nKEJ+rl+Voan3PrW8zngnifFP15IZXQYBmDds+Tf/juINXm0Ag==
5ZWjlzsRoYkBAt6J9j3gHn40mtQ+kUwvSGtGfVD3wbxeJVsU2tjIlXrhDf8fva2Y6GyrCiNTZqPBv2t8Wg7wtzr8PvfODG+perR/2g6PuwUULRIAG4tZR29LH2y0FQ==
bMSu8TEBx5BBfuf1NAiZilJx9r6GWrpp0FfJROc5t+scQLq1nKEJ+rl+Voan3PrW8zngnifFP1NIZXQYBmDds+Tf/juINXm0Ag==
9x/JAL1Ds68s1RKJQgL4mX80mtQ+kUwvSGtGfVD3wbxeJVsU2tjIlXrhDf8fva2Y6GyrCiNTZqPBv2t8Wg7wtzr8PvfODG+perR/2gOPuwUULRIAG4tZR29LH2y0FQ==
hAHLULxjyNLWU/K3EvZBHVJx9r6GWrpp0FfJROc5t+scQLq1nKEJ+rl+Voan3PrW8zngnifFP1hNZXsYBmDds+Tf/juINXm0Ag==
sptltDbr+kx2/Iwa2s2NJX40mtQ+kUwvSGtGfVD3wbxeJVsU2tjIlXrhDf8fva2Y6GyrCiNTZqPBv2t8Wg7wtzr8PvfODG+perR/2giKuwoULRIAG4tZR29LH2y0FQ==
ClMntmS2SCBF2OlrMMj7tmMZzPtZABVqm5XwXu1GwGa3LFOR0s1ZBQeqmlwViTIWArEervsnwu6z7Gp5vxT8Z07mqwmt6TexM3q0Bw==
OGCoQvzjy9ZvWlKeWAsjkmsWx7IXWwJ7z4XtWadIz262IBCa0s1ZBQeqmlwViTIWArEervsnwu6z7Gp5vxT8Z07mqwmt6TexM3q0Bw==
0oX0shyT4BccOy3E1i0ko380mtQ+kUwvSGtGfVD3wbxeJVsU2tjIlXrhDf8fva2Y6GyrCiNTZqPBv2t8Wg7xtzr8PvfODG+perR/2gqLuwoULRIAG4tZR29LH2y0FQ==
VwZFaOfYr6H1qkKzto9ybFJx9r6GWrpp0FfJROc5t+scQLq1nKEJ+rl/Voan3PrW8zngnifFP11MZXsYBmDds+Tf/juINXm0Ag==
K8glX89jmOsqOMFDHIE7GX40mtQ+kUwvSGtGfVD3wbxeJVsU2tjIlXrhDf8fva2Y6GyrCiNTZqPBv2t8Wg7xtzr8PvfODG+perR/2g2LuwoULRIAG4tZR29LH2y0FQ==
ftBKKudF/X1vl6buMtcjRn0pOx2/MjCr8A8JxXdfGtCNN4Sq1v3/wgMj0vKb2Cy25/CMm8ZyC6UVreft2w60Cw==
E7z/scc8QOQOyD4alCQbyGsWx7IXWwJ7z4XtWadIz262IBCayMtZGR+rmlwVkzQWHqkfrvsnwu6z7Gx6vxT8Z07mqwmt6TexM3q0Bw==
NsTs3Rqlqjq1KNhUQ+uMU66M4hj8kiQopo2VHmMCdY27smUqNhZ4k2iPSBfjbO0tlbveDhY9Ch3aumtbRoiNlCCHUa1qNo2B7XxdYVEwzDR/I2ZLVHNCEWu0EA==
uEvsnNghfJTeP/8X9RHPazYb8lsUhbmBpbqQsg+As/UgV+mthyca2J0vpILmxb8KU/uyGusgoz93aCwzdsrL7cX1B4UrdrQD
OS5oeEkz6Knjuw+88xSPm0UQaYecm7bCIPtOZ0DY2QZyDc5lRjr3owK4aZwspx1lzqYJGVGzIHlVICh8M8Pqw/ADhil3tAw=
02R41ek5EjxYNwsQMJ76jVJx9r6GWrpp0FfJROc5t+scQLq1nKEJ+rl+Voan3PrW8zngnifFP11OZXoYBmDds+Tf/juINXm0Ag==
S7cYzHX61UkPUVknDz+wHXce2/sITBN6gJK/D+lGwGa3LFOR0s1ZBQeqmlwUiTIWArEervsnwu6z7Gt8vxX8Z07mqwmt6TexM3q0Bw==
FEB3RZ4XRO1gxOkybHyIUmMZzPtZABVqm5XwXu1GwGa3LFOR0s1ZBQeqmlwUiTIWArEervsnwu6z7G98vxX8Z07mqwmt6TexM3q0Bw==
2H8teqaBm8AZj63h+5AjiWsWx7IXWwJ7z4XtWadIz262IBCa0s1ZBQeqmlwUiTIWArEervsnwu6z7G98vxX8Z07mqwmt6TexM3q0Bw==
PbKC3Cspao8/Lt2sH8ANmn80mtQ+kUwvSGtGfVD3wbxeJVsU2tjIlXrhDf8fva2Y6GyrCiNTZqPBv2t8Wg7wtzr8PvfODG+perR/2g+OuwsULRIAG4tZR29LH2y0FQ==
tVuCJEojQmAOSa6hK+T7jlJx9r6GWrpp0FfJROc5t+scQLq1nKEJ+rl+Voan3PrW8zngnifFP1NIZXoYBmDds+Tf/juINXm0Ag==
Q4gRIWRpyWukfprtVr34vn80mtQ+kUwvSGtGfVD3wbxeJVsU2tjIlXrhDf8fva2Y6GyrCiNTZqPBv2t8Wg7wtzr8PvfODG+perR/2gOPuwsULRIAG4tZR29LH2y0FQ==
Yhx3X33bOFKGRNEPslfjnX0pOx2/MjCr6gkJ2W9eGtCMLYKqyuX+wgMj0vKb2Cm25/uNm8ZyC6UVreft2w60Cw==
m38JLRpz6aLByS26bO8qNGsWx7IXWwJ7z4XtWadIz262IBCa0s1ZBQeqmlwUiTIWArEervsnwu6z7Gl6vx/9Z07mqwmt6TexM3q0Bw==
kWIKLNpvH6SfE3wQ/U4Vunce2/sITBN6gJK/D+lGwGa3LFOR0s1ZBQeqmlwUiTIWArEervsnwu6z7Gl6vx/9Z07mqwmt6TexM3q0Bw==
ev9Uv+61yh1WH9nMNvqyASZ42kOS4om7vbaIN08n0I+TgkdrObDVGruF8E7NNgDW17zTATJ9GfUnuppMNHlypuIhnj6blwKek/xsa59vPdcudiuZTVl3QRNqtBc=
FE9W7vb+L6A9l2w5kEGnoCZ420OS4om7vbaIN08n0I+TgkdrObDVGruF8E7NNgDW17zTATJ9GfUnuppMNHlypuIhnj6blwKek/xtbJ9vPdcudiuZTVl3QRNqtBc=
kpBboUmdzUGIk8VzI1UD3mMZzPtZABVqm5XwXu1GwGa3LFOR0s1ZBQeqmlwUiTIWArEervsnwu6z7Gh4vxj9Z07mqwmt6TexM3q0Bw==
dbJca2Fz/UoUet1yBjptFmsWx7IXWwJ7z4XtWadIz262IBCa0s1ZBQeqmlwUiTIWArEervsnwu6z7Gh4vxj9Z07mqwmt6TexM3q0Bw==
6QPOdFrWjNwN1LBz+s9HQ380mtQ+kUwvSGtGfVD3wbxeJVsU2tjIlXrhDf8fva2Y6GyrCiNTZqPBv2t8Wg7wtzr8PvfODG+perR/2giKuwYVLRIAG4tZR29LH2y0FQ==
vTU6n93PnxgosOqHTelbx9PSxrPDZnjp7ItjtmL4rJ3BFmsCzQdOQFMuydici5ilZ3heMuaaWmnwl2nEB/nX6/wAGjU84en62b72BgccmtYTeYAeh4UfXS8ll5mmoP2zxB+eu2h1WbQi
DMNFzZ1lvvvjKqRcu+wIN9PSxrPDZnjp7ItjtmL4rJ3BFmsCzQdOQFMuydici5ilZ3heMuaaWmnwl2nEB/nX6/wAGjU84en62b72BgccmtYTeYAeh4UfWy4ll5mmoP2zxB+eu2h1WbQi
qzsatfGeDmebfSeg4OgJ11Jx9r6GWrpp0FfJROc5t+scQLq1nKEJ+rl/Voan3PrW8zngnifFP19OZXcZBmDds+Tf/juINXm0Ag==
JwUqs8rQfiAcw/OBQVMAVX80mtQ+kUwvSGtGfVD3wbxeJVsU2tjIlXrhDf8fva2Y6GyrCiNTZqPBv2t8Wg7xtzr8PvfODG+perR/2g+JuwYVLRIAG4tZR29LH2y0FQ==
2Kvua5UYLBBpUBODREeqR0rq3UVjSsL9qXwWBMFZGPOZu/F02GCzJkN/vu9xU/Pw2oJpW4qw5tuuIHelSlgnlsvD4+qloYqseyeBC1+nB2C0GQ==
mE5SwfU8EmiIOmGjFpfHFHregbgEG/Dlj0gmEi7KwuloxyEkP4n/K1SQgpV00RH6oY8+pp+MMpY7ibh+T1WH37D137lekJVzLI8GW6AFYbQa
omgR45QAlAdzBiChJfotBlJx9r6GWrpp0FfJROc5t+scQLq1nKEJ+rl/Voan3PrW8zngnifFP1JIZXcZBmDds+Tf/juINXm0Ag==
ChfrXY+uAd6TTdMyhDScNX40mtQ+kUwvSGtGfVD3wbxeJVsU2tjIlXrhDf8fva2Y6GyrCiNTZqPBv2t8Wg7xtzr8PvfODG+perR/2gKPuwYVLRIAG4tZR29LH2y0FQ==
2Ae86XpueziWVzc2DFnsodPSxrPDZnjp7ItjtmL4pZ3AFmsCzQdOQFMuydici5ilZ3heMuaaWmnwl2nEB/nX6/wAGjU84en62b/2BgccmtYTeYAeh4UfWiwllpmmoP2zxB+eu2h1WbQi
d0EDOAEAKN5adxJPz1AwWdPSxrPDZnjp7ItjtmL4pZ3AFmsCzQdOQFMuydici5ilZ3heMuaaWmnwl2nEB/nX6/wAGjU84en62b/2BgccmtYTeYAeh4UfWCwllpmmoP2zxB+eu2h1WbQi
hIgLvZPhE664h7TH1JH3AVJx9r6GWrpp0FfJROc5t+scQLq1nKEJ+rl/Voan3PrW8zngnifFP1JMZXYZBmDds+Tf/juINXm0Ag==
neUpx0HceRXjko1qMnuQmH80mtQ+kUwvSGtGfVD3wbxeJVsU2tjIlXrhDf8fva2Y6GyrCiNTZqPBv2t8Wg7xtzr8PvfODG+perR/2gKLuwcVLRIAG4tZR29LH2y0FQ==
TQUqX/ZvipOB36BgwD9fZ9PSxrPDZnjp7ItjtmL4r53BFmsCzQdOQFMuydici5ilZ3heMuaaWmnwl2nEB/nX6/wAGjU84en62b/2BgccmtYTeYAeh4UfWi4llpmmoP2zxB+eu2h1WbQi
rpoTsQ7vkEvCDCjMMbkBJNPSxrPDZnjp7ItjtmL4r53BFmsCzQdOQFMuydici5ilZ3heMuaaWmnwl2nEB/nX6/wAGjU84en62b/2BgccmtYTeYAeh4UfXy4llpmmoP2zxB+eu2h1WbQi
Lp2f7qfmEoBOOvcVoAD74VJx9r6GWrpp0FfJROc5t+scQLq1nKEJ+rl+Voan3PrW8zngnifFP1NOZXYZBmDds+Tf/juINXm0Ag==
XcxN8/faVKHV4Rvik+K/8X80mtQ+kUwvSGtGfVD3wbxeJVsU2tjIlXrhDf8fva2Y6GyrCiNTZqPBv2t8Wg7wtzr8PvfODG+perR/2gOJuwcVLRIAG4tZR29LH2y0FQ==
9v5bt2Gby+G2Auyi7bhV/VJx9r6GWrpp0FfJROc5t+scQLq1nKEJ+rl+Voan3PrW8zngnifFP19JZXYZBmDds+Tf/juINXm0Ag==
R0b0eHUjqUAlLQDyUvO9E340mtQ+kUwvSGtGfVD3wbxeJVsU2tjIlXrhDf8fva2Y6GyrCiNTZqPBv2t8Wg7wtzr8PvfODG+perR/2g+OuwcVLRIAG4tZR29LH2y0FQ==
eosSZZFq8jYl92WENNoWQdPSxrPDZnjp7ItjtmL4qp3AFmsCzQdOQFMuydici5ilZ3heMuaaWmnwl2nEB/nX6/wAGjU84en62b72BgccmtYTeYAeh4UfXigllpmmoP2zxB+eu2h1WbQi
GvkGv+/Uk92t1vhMZAr+P9PSxrPDZnjp7ItjtmL4qp3AFmsCzQdOQFMuydici5ilZ3heMuaaWmnwl2nEB/nX6/wAGjU84en62b72BgccmtYTeYAeh4UfWy0llZmmoP2zxB+eu2h1WbQi
VoIgJoh+pK4rWMXf+CWQWlJx9r6GWrpp0FfJROc5t+scQLq1nKEJ+rl+Voan3PrW8zngnifFP1tNZXUZBmDds+Tf/juINXm0Ag==
pKki1qoWHHg/qtWZZIVxL3ce2/sITBN6gJK/D+lGwGa3LFOR0s1ZBQeqmlwUiTIWArEervsnwu6z7Gt4vxr9Z07mqwmt6TexM3q0Bw==
KM38n0WO565NQhhTLkzTxVJx9r6GWrpp0FfJROc5t+scQLq1nKEJ+rl/Voan3PrW8zngnifFP1NNZXUZBmDds+Tf/juINXm0Ag==
Qgt/sQ+5o7tv9WdkB9aKence2/sITBN6gJK/D+lGwGa3LFOR0s1ZBQeqmlwViTIWArEervsnwu6z7GN4vxr9Z07mqwmt6TexM3q0Bw==
XmSWl72KHXiqKjERFetYF2MZzPtZABVqm5XwXu1GwGa3LFOR0s1ZBQeqmlwUiTIWArEervsnwu6z7Gx5vxr9Z07mqwmt6TexM3q0Bw==
FsO3Oci4sVCrFo+lDliHH2sWx7IXWwJ7z4XtWadIz262IBCa0s1ZBQeqmlwUiTIWArEervsnwu6z7Gx5vxr9Z07mqwmt6TexM3q0Bw==
W4AvDWUTH0zC/D6OumljNX40mtQ+kUwvSGtGfVD3wbxeJVsU2tjIlXrhDf8fva2Y6GyrCiNTZqPBv2t8Wg7wtzr8PvfODG+perR/2gyLuwQVLRIAG4tZR29LH2y0FQ==
wEHb4KY8QNk3EWmDiIozhFLG4MBbJiHUgnJZ44QNORkVEnDK38jzLUq5yYmPLhrArB3CeqoVflKjkxKie6grpsfOzUumgos1tR0nvTt+tBs=
JCLcYaXugTwEhMC+cpCfHlJx9r6GWrpp0FfJROc5t+scQLq1nKEJ+rl+Voan3PrW8zngnifFP1lPZXUZBmDds+Tf/juINXm0Ag==
5+lVLzV7zFNNJdmvHUuzXX80mtQ+kUwvSGtGfVD3wbxeJVsU2tjIlXrhDf8fva2Y6GyrCiNTZqPBv2t8Wg7wtzr8PvfODG+perR/2gmIuwQVLRIAG4tZR29LH2y0FQ==
GM67UfnY1nzgFXPdJvm341LG4MBbJiHUgnJZ44QNORkVEnDK38jzLUq5yYmPLhrArB3CeqoVflKjkxKie6gupsfOzUumgos1tR0nvTt+tBs=
2xdw3kTiA5hqJlwgwEXdWmMZzPtZABVqm5XwXu1GwGa3LFOR0s1ZBQeqmlwViTIWArEervsnwu6z7G99vx7+Z07mqwmt6TexM3q0Bw==
LErEhXBE9D1oLatjIc95YGsWx7IXWwJ7z4XtWadIz262IBCa0s1ZBQeqmlwViTIWArEervsnwu6z7G99vx7+Z07mqwmt6TexM3q0Bw==
YF9j7hLZVvh9v6yhWnn5u3ce2/sITBN6gJK/D+lGwGa3LFOR0s1ZBQeqmlwViTIWArEervsnwu6z7G99vx7+Z07mqwmt6TexM3q0Bw==
Mi4m2u6gYF3NIepbFzYRu2MZzPtZABVqm5XwXu1GwGa3LFOR0s1ZBQeqmlwViTIWArEervsnwu6z7Gt4vx/+Z07mqwmt6TexM3q0Bw==
T/sRijos7DgAtOsyUbj3j2sWx7IXWwJ7z4XtWadIz262IBCa0s1ZBQeqmlwViTIWArEervsnwu6z7Gt4vx/+Z07mqwmt6TexM3q0Bw==
2I1s5wLTS9+Vba/A69pjKX80mtQ+kUwvSGtGfVD3wbxeJVsU2tjIlXrhDf8fva2Y6GyrCiNTZqPBv2t8Wg7xtzr8PvfODG+perR/2g6KuwEWLRIAG4tZR29LH2y0FQ==
5dJJLeO4D73bfh040HwDfFJx9r6GWrpp0FfJROc5t+scQLq1nKEJ+rl/Voan3PrW8zngnifFP1JNZXAaBmDds+Tf/juINXm0Ag==
j8GQ5FXtItIle2gwfG1VEn40mtQ+kUwvSGtGfVD3wbxeJVsU2tjIlXrhDf8fva2Y6GyrCiNTZqPBv2t8Wg7xtzr8PvfODG+perR/2gKKuwEWLRIAG4tZR29LH2y0FQ==
7PR63Z4uUvjfSpYP/64GLFJx9r6GWrpp0FfJROc5t+scQLq1nKEJ+rl/Voan3PrW8zngnifFP1NJZXAaBmDds+Tf/juINXm0Ag==
QWtBhxhFdEfWfbekGtYJGH40mtQ+kUwvSGtGfVD3wbxeJVsU2tjIlXrhDf8fva2Y6GyrCiNTZqPBv2t8Wg7xtzr8PvfODG+perR/2gOOuwEWLRIAG4tZR29LH2y0FQ==
NpWoxjxCKyMAHqgzDO09lDYb8lsUhbmBpbqQsg+As/U6UemxnyYa2J01ooL63b4KU/uyGusgojl3Yy4zdsrL7cX1B4UrdrQD
gEGsIS+DtqjFpKOQAEdy3kUQaYecm7bCIPtOZ0DY2Rx0DdJ9Rzr3oxi+aYA0ph1lzqYJGVGyJnleIih8M8Pqw/ADhil3tAw=
noTdDQHEQDrYhV8UHrvezAsBZ8FwqiDG6OcGWYLleS0XoppUBaESPlJ5Xmarj2JGI2Tp8S+wXs8eLuvB/cEXmSNytA8=
qvkhuMscKv1tvPz9Iw/nVGsWx7IXWwJ7z4XtWadIz262IBCa0s1ZBQeqmlwViTIWArEervsnwu6z7Gl5vxj+Z07mqwmt6TexM3q0Bw==
NJv/4yzgx8R9datlNYVJWn40mtQ+kUwvSGtGfVD3wbxeJVsU2tjIlXrhDf8fva2Y6GyrCiNTZqPBv2t8Wg7xtzr8PvfODG+perR/2gmLuwYWLRIAG4tZR29LH2y0FQ==
pyQ4zb0Qbr++o6bG3NSmHVJx9r6GWrpp0FfJROc5t+scQLq1nKEJ+rl/Voan3PrW8zngnifFP1NMZXcaBmDds+Tf/juINXm0Ag==
vwOXBXjuNdaMFsRY23cMxnce2/sITBN6gJK/D+lGwGa3LFOR0s1ZBQeqmlwViTIWArEervsnwu6z7GN5vxj+Z07mqwmt6TexM3q0Bw==
lYviTiqEEKR+omJCZMOISFJx9r6GWrpp0FfJROc5t+scQLq1nKEJ+rl+Voan3PrW8zngnifFP1pOZXYaBmDds+Tf/juINXm0Ag==
OHsJyBu4knJ69bTgeI2AlfYvOm9WKz0UM5ELS4CozkUIOYV6NebC9lO0ZnZPkbROUz1znQJdQkrSCCHT+PfKC5wtdbQO
5Xoycqps4CSxv+Z5DsUyVUUQaYecm7bCIPtOZ0DY2Rx0DdJ9Rzr3ohi+aYA0ph1lzqYJGVG9IHlYIih8M8Pqw/ADhil3tAw=
iJNB1w5XCvqzWH4KVpNk7wsBZ8FwqiDG6OcGWYLleS0XoppUBKESPlJ5Xmarj2JGI2Tv9C+xXs8eLuvB/cEXmSNytA8=
uJMiNOGXFy4OryxlmMFrQGsWx7IXWwJ7z4XtWadIz262IBCa0s1ZBQeqmlwUiTIWArEervsnwu6z7G98vxn+Z07mqwmt6TexM3q0Bw==
CUiunDm2Hy0xGXb+fkfCsHce2/sITBN6gJK/D+lGwGa3LFOR0s1ZBQeqmlwUiTIWArEervsnwu6z7G58vxn+Z07mqwmt6TexM3q0Bw==
W68IJQZ/xGO2XuhF7p9eJ2MZzPtZABVqm5XwXu1GwGa3LFOR0s1ZBQeqmlwUiTIWArEervsnwu6z7G19vxn+Z07mqwmt6TexM3q0Bw==
YhSlfypNrS+FsQ1yKyCXfmsWx7IXWwJ7z4XtWadIz262IBCa0s1ZBQeqmlwUiTIWArEervsnwu6z7G19vxn+Z07mqwmt6TexM3q0Bw==
7D08tNjmQkRd+7+0QJOrFn80mtQ+kUwvSGtGfVD3wbxeJVsU2tjIlXrhDf8fva2Y6GyrCiNTZqPBv2t8Wg7wtzr8PvfODG+perR/2g2PuwcWLRIAG4tZR29LH2y0FQ==
D5PtSADb5XJuab5BcB2sJFJx9r6GWrpp0FfJROc5t+scQLq1nKEJ+rl+Voan3PrW8zngnifFP1lNZXUaBmDds+Tf/juINXm0Ag==
zyguKrK1V2nBPIlZK3dB6340mtQ+kUwvSGtGfVD3wbxeJVsU2tjIlXrhDf8fva2Y6GyrCiNTZqPBv2t8Wg7wtzr8PvfODG+perR/2gmKuwQWLRIAG4tZR29LH2y0FQ==
5JQGHrIhnMQs//Z0YtQ1PWMZzPtZABVqm5XwXu1GwGa3LFOR0s1ZBQeqmlwViTIWArEervsnwu6z7Gt5vxr+Z07mqwmt6TexM3q0Bw==
2+i/YTy+9Qa1yxwEBYrSJGsWx7IXWwJ7z4XtWadIz262IBCa0s1ZBQeqmlwViTIWArEervsnwu6z7Gt5vxr+Z07mqwmt6TexM3q0Bw==
GL6vyhA1rW8cKLpEr0nzdHce2/sITBN6gJK/D+lGwGa3LFOR0s1ZBQeqmlwViTIWArEervsnwu6z7Gt5vxr+Z07mqwmt6TexM3q0Bw==
lXfugIoqSQU0clNog6Krd2MZzPtZABVqm5XwXu1GwGa3LFOR0s1ZBQeqmlwViTIWArEervsnwu6z7G95vxr+Z07mqwmt6TexM3q0Bw==
S8wL/2xdJhB+GV4jDZtIeWsWx7IXWwJ7z4XtWadIz262IBCa0s1ZBQeqmlwViTIWArEervsnwu6z7G95vxr+Z07mqwmt6TexM3q0Bw==
spk+eLu37s6/qrdhmcJvon80mtQ+kUwvSGtGfVD3wbxeJVsU2tjIlXrhDf8fva2Y6GyrCiNTZqPBv2t8Wg7xtzr8PvfODG+perR/2g+LuwQWLRIAG4tZR29LH2y0FQ==
YJU6LVm5jQ563zNn61fahb8sbI5KS5zMzXCB1P2Rn+JQ5Bj+w5qbVPRhQ7boBfiWOH4UWU4Zbi9Y3+LEwqTvvwuDbijMJcqNF/qg3Zfom8uJk1M/ExNE81xPsOj/cYQO490jm9X9PwoiKFFTKNfaywxNRbQ+
lV340JPyDCF8BgQYPyn6uOZ9eH0/wgfGkoSXmOBrAhDJ4YrpHpAbqxtD1MPkJjR3GdaMt7ah04m8mwRuR+0+zoxTWlMBjn5dSQBfCr/iOfaf9P3tTw89/bBAt0XKOOd2y6KjBibBykx7B8Gr3wdHQLQ5
XyU/CDjo7e8jvJ7NXJBKrSg3PAikOEK1ogkexXZpXsrYOpGx0u/+wgMj0vKb2Cuw5/COm8ZyC6UVreft2w60Cw==
K7aJluks7nr17vj5eGbfLOZ9eH0/wgfGkoSXmOBrAhDJ4ZDqOddDhFgHz9HDczRRGYjXp/PrjY+8nQJOW/AZ25hbW1MAlHhdVRheCr/iOfaf9P3tTw89/bBAt0XKOOd2zaKjBibBykx7B8Gr3wdHQLQ5
0Ep7fvnZUKMKci4wgdgxVik3PAikOEK1ogkexXZpXsrYOpGx0u/+wgMj0vKb2C2w5/COm8ZyC6UVreft2w60Cw==
TC6m+de7EPmHVrwOvO3h5BRq66/TFsEv1g6ODbsytelaErqigLg+vqMqQYS9yP3H8zngnifFP1lOZXoaBmDds+Tf/juINXm0Ag==
2bicwfPoP/r7zbooWFqBWTpqqvMPey6Ns8Bn6VKuVr2krhB6kutOcxbTUlseBITQ6zlOWl98z3k6hJ/KCZnbO9Z9svCbO7kXL7s/fLQF
GqvFBmKH0rm+UNMtdWaIjxRq66/TFsEv1g6ODbsytelaErqigLg+vqMqQYS9yP3H8zngnifFP1lPZXIbBmDds+Tf/juINXm0Ag==
pSQq9DGH5KswCMOdiBB09O/I8EgKJp+IiUN8k8jzln/sW5bhvsUJVk954JbISiIM5P55HmNsz8zH1wld0lZlMWX51RHwk7SEp2NemwxTqgFjtBg=
dRxTkYeX7I4Q8PfLqxZIURemw/lXW7S7gg0yFGPJwr4p2DQoLZL/GlzYgoJoyCa+u9opt4qcL4c7ibh+T1WH2bf12rtekJVzLI8GW6AFYbQa
410MwdXJSe0bqbyGfODXm047Lhj+hsXfxepiChnZkP3lL2X1jSMUppDY/8qo2Yv27AJwJV4UPmYN60TQIRze0NiFD/ja0bXNeSNbpwl7QLCRG77rCniF9QaGcSm5OIiJZEPg7KuDEvO4ox55X7Qk
X5Ssn+8uiAHLaUD/v6Ze2eZ9eH0/wgfGkoSXmOBrAhDJ4ZDqOddDhFgHz9HDczRRGYnXp/PrjY+8nQJOW+oa/N8bLVsDlHhdVRheCr/iOfab/erqTw89/bBAt0XKOOd2w6WjDyfBykx7B8Gr3wdHQLQ5
X4xNvuNgYFIB7Mkn81xiYrTacwjs7XtA3h+bEenCPULpBlsDS8ikhrgYC0YNQc6gjhGyh80DZ7cTkHBJdcyWzu+GkWIbaUKOH8v1KZBUv0Ha3M8ijPYL67dFQtjb0wlvj2NvVLQt
zduYnSfBU74ja3OrDwfqiH0pOx2/MjCr6gkJ2W9eGtCOLYKqyuX+wgMj0vKb2COx5/mPm8ZyC6UVreft2w60Cw==
3WvNrl7XXDCAGZxDT4Ce+GsWx7IXWwJ7z4XtWadIz262IBCa0s1ZBQeqmlwWiTIWArEervsnwu6z7GN9vx3/Z07mqwmt6TexM3q0Bw==
iTBtUCsWFFhOwa5fpqLoeXce2/sITBN6gJK/D+lGwGa3LFOR0s1ZBQeqmlwWiTIWArEervsnwu6z7GN9vx3/Z07mqwmt6TexM3q0Bw==
xuc3wfJSbO8OGF+ZbbH9IiZ420OS4om7vbaIN08n0I+TgkdrObDVGruF8E7NNgDW17zTATJ9GfUnuppMNnlypuIhnj6blwKek/xoaZ9uP9cudiuZTVl3QRNqtBc=
ZeKBt047uJos8cJH0ol7miZ42kOS4om7vbaIN08n0I+TgkdrObDVGruF8E7NNgDW17zTATJ9GfUnuppMNnlypuIhnj6blwKek/xuap9uP9cudiuZTVl3QRNqtBc=
psOoUeAOspEj5Sr8+YX/C7KHuODRo9xwTS/d6atlYE/RjKXOY8mwioVq0GKvEDNlmoGpYb82Gsi+5eJSWk0+mvMr8srLMK0uV7Vv49ZaS31lJUdVC2a0Ew==
ol+TSckPlVn/gPgX4Ib3JHWetKmgs5dmNp6UZt4wECrYH0hPXzicorzxhEVbEAriEqIWKTxv3ZRTUStLYGiuxah5ZXpVJGJ2s/QGdm/RVM4z/VOe5B3iy3JIwdPYN2qLfG1VtC4=
sCfwNhPkcBLnlimogzttUFLG4MBbJiHUgnJZ44QNORkVEnDK38jzLUq5yYmPLhrArh3CeqoVflKjkxKie6gipMfOz0umgos1tR0nvTt+tBs=
wXdnFMUZEG08j1W1GX/lxq+oiHpnnfrzVkkb5r6fbrd8UXndXd6gvgd0k8niFTkdN7KaRCaRUs4y6d72S/+idgN07uUPgp+//r5rUZ0xV6kDYrQf
CKRvzYb4gZVAbrrnU38P3HWetKmgs5dmNp6UZt4wFirZH0hPXzicorzxhEVbEAriEqIWKTxv3ZRTUStLYGiuxah5ZXpVJGJ2s/QGdm/RVM4z/VOd4R3gy3JIwdPYN2qLfG1VtC4=
A44ArT4KlnesEuIQ5kt4PFLG4MBbJiHUgnJZ44QNORkVEnDK38jzLUq5yYmPLhrArh3CeqoVflKjkxKie6grpcfPz0umgos1tR0nvTt+tBs=
I/HhjTpzoFbuyW3u3eLKq+Z9eH0/wgfGkoSXmOBrAhDJ4ZDqOddDhFgHz9HDczRRGYnXp/PrjY+8nQJOW+oa/N8bLVsDlHhdVRheCr/iOfaf9P3tTw89/bBAt0XKOOd2yqejBifBykx7B8Gr3wdHQLQ5
Ckt2rmJtFWTMl5rIrii+PLTacwjs7XtA3h+bEenCPULpBlsDS8ikhrgYC0YNQc6gjhGyh80DZ7cTkHBJdcyWzu+GkWIfYFWJH8v1KZBUv0Ha3M8iivML4rdFQtjb0wlvj2NvVLQt
XtoFSZllRMzGQHpSQGmZVpAeu1zOQPcmvco+LJiKUuz0/ml+kz0eYFpGeb1iFrVRlfrmMalTxCQX48773BOaIXO0CA==
LqDM6DHw8lfDcbQ6otz2rhRq66/TFsEv1g6ODbsytelaErqigLg+vqMqQYS9yP3H8zngnifFP1pPZXsbBmDds+Tf/juINXm0Ag==
IDvzlLQOIqqJgMQ2SnTpEu/I8EgKJp+IiUN8k8jzln/sW5bhvsUJVk954JbISiIM5P55HmNsz8zH1wld0lZlMWX61RH5k7SEp2NemwxTqgFjtBg=
PSzS1lUBRVSgSuUe+N4tyRemw/lXW7S7gg0yFGPJwr4p2DQoLZL/GlzYgoJoyCa+u9opt4qcL4c7ibh+T1WH2rf107tekJVzLI8GW6AFYbQa
iI4/U1kwaH7Sfwhx3bsReNxD8Q/SQKNtoP1qY5K7G6C4q2EohC4FeFBGeb1iFrVRlfviMalTxCQX48773BOaIXO0CA==
+guq9QwXb4Zo/rOVIdBODQDSkbxnAxWg6GbiIBIGOTj3Vqd4vN1WK1bL/zg0K+2w4N5BsGxmZbVmBpFp2Tuuyc3DQKyLgzKzGCO+OX+0BA==
806gMqHdnZgTGKvaDVvfqrKHue326st2f2nK775tewqGy76LNJW4kc5j1mfpDTU5nYuPNOpNC9q+5eJSWk0+mvMr8srLMKspV7hv49ZaS31lJUdVC2a0Ew==
L9M2aLTSupZhC87afylKReLtp8vM2q/NTHCZ3o2ZlR+HiFMrOypK/N6fylQhdxtMJrfZ0prqzslG7fhlZu9GgzFRVS2Vp//wEvGLblYpsnZCUR7OO8dCTnPMb1l/tX+Hjoar6e2JtxFzWrQn
6cpAWNajCcB3GdP822+h2nMe0b5aCk5phs34RaZPxmPxMVXN1cd/UFLRi04WiTIWArEervsnwu6z7G95vxX/Z07mqwmt6TexM3q0Bw==
Otk3KXE/VU/UiIq4wnHeIhzajfV4FAShp3GwdlwINjD2WuRzvN1WK1bL/zg0K+2w4N5BsGxmZbVmBpFp2T+qyczDQKyLgzKzGCO+OX+0BA==
VT2AAhvXEkFSLSFVY2sgoAjdmvUpWAKxvHb/J1gINjD2WuRzvN1WK1bL/zg0K+2w4N5BsGxmZbVmBpFp2TqpyczDQKyLgzKzGCO+OX+0BA==
lLtvSJ9kq42njiYu+BJS4ADSkbxnAxWg6GbiIBIGOTj3Vqd4vN1WK1bL/zg0K+2w4N5BsGxmZbVmBpFp2TqpyczDQKyLgzKzGCO+OX+0BA==
mnCZTCeOStRZ0b417RUTk7KHue326st2f2nK775tewqGy76LNJW4kc5j1mfpDTU5nYuPNOpNC9q+5eJSWk0+mvMr8srLMKouV7lv49ZaS31lJUdVC2a0Ew==
1kUyfIx20dDziXI+mfLkgnMe0b5aCk5phs34RaZPxmPxMVXN1cd/UFLRi04WiTIWArEervsnwu6z7G96vxX/Z07mqwmt6TexM3q0Bw==
zeuTItTV1t1QYNkhIrkhU380mtQ+kUwvSGtGfUr05vtSARoXy9zaiXa1QL9Y9+KR7mntFyUPYann6j4HSxzytzr8PvfODG+perR/2g+IuwsXLRIAG4tZR29LH2y0FQ==
K53J1+2UEqYMqK4+Cb7Cu+Ltp8vM2q/NTHCZ3o2Znx+GiFMrOypK/N6fylQhdxtMJrfZ0prqzslG7fhlZu9GgzFRVS2Vp//wEvGLblYpsnZCUR7OO8dCTnPMY1t/tX+Hjoar6e2JtxFzWrQn
nmJtjT0px+U9CbfILDWfVqDHztqBxrRtWI3cstRz7NppL/u6P/+O8qq8X66t9JRhLL0iYqmC6v0780498KRPUmD40KJQDj8ABW8/HCkMcWwfx0ePkDUGktIXeidDYz5rOSvSVhUYUCrRKS3Bj3T/4Vq8jwKL1ssDN+WC+NuzSQ8Pw6+0tM0=
OrsvfgVb5/YA5aWsj89upM7RUkHLkaU+ij8oliEVVX1vSIfdqgD3Pktqsz/HWfpEO48xs///1wi0cQ==
Ja3lMVqVEuqOLv+bYJrnJ49d8kREad3BNHTEIZs7jcWeZlk5Qbs3mQTjeJyjQ5ojgMP2yQe0fA==
TKsEHvSl/Az1Vd9jlZboER+zeuFcYXO7qSFU1IL+N7/9P08j3jWEAqvpSD6fdbfbwRWCe+4wBfPc79YbkCVxtAo=
iq+QZRK/dH2JAytEUkAVgOZ9eH0/wgfGkoSXmOBrAhDJ4ZDqOddDhFgHz9HDczRRGYnXp/PrjY+8nQJOW+oa/N8bLVsDlHhdVRheCr/iOfab/erqTw89/bBAt0XKOOd2zKKjByfBykx7B8Gr3wdHQLQ5
S7EfS544hB9ng72AuAoGVLTacwjs7XtA3h+bEenCPULpBlsDS8ikhrgYC0YNQc6gjhGyh80DZ7cTkHBJdcyWzu+GkWIbaUKOH8v1KZBUv0Ha3M8iifcL47dFQtjb0wlvj2NvVLQt
x3SyND/2otQ/3TXsYrN4ZKKsQYAF9riFbgwdrdro1yzijW/1/PztBcbW84b6+VFY9W2hFLy28enTMJPsQE/egFVrFBunCe/ug5lRFPZwHN+SnnVZ7lbcXAkTX4I0Y9eKiLN48E6LsvIdoe1IMyismipxtUVLs/7XntvdW422nv3fA6x8Z1h0i3w5Y45TSZjVo7sk2bWI4RpISegLr9MoVbeUnTyPqKPRmBkJxhsruq41xez8jcMFXhK76SoT2N/FhgAhtOS2un/zZ3odfhc/b+3iYCgI3AzA237kTNEW0vrVJAKamlthL5pKhkQnayQdFOFtv5NdLC+mYHOw825S58nu9Uk5Ox3aMb6wCkkyhEdwULPT5VNDpIU2jn1WPOt8rqZGQ3oH+WrekO6oQo1ivKIDyT7eG96+jQGIXmhar7MDzr6azJ3gc8/XOGRTVyUyCO0O8umsEzGrRCd434i1f/XSP/iIG89Goe4brRyezFLyR1B1ITYxojgObnJnmT1Rnfc+paHWGLJKT3cFaJp8wWOqcuJmcNEmY8YuWpgBLbQN4oTCzPh9jA9X3wDn3UHi8A5x0BPOtDoGkydqOUQfkZqs79KJgSsacBXiyFvDab9P0w/ktJ0=
bzHVrNpF75S9r1x/SrqHBKo9pxtdaFGNcl4lhUS2JrrW1m5t07ttC2Y5wroYxCSPrkNTMz2qAVWyTs8Q5o8j2hUX3+8KXEuUe7GmQSiJTVFsXGQdo/OeGk1bP74pyc1YotstgEIYYWBdMmg9kyL2+H84E59lkROlE7uS9FJz8RoHf8XfSiZcVqHwDNBcoaaOs1tPnoKwhtaCwY/jHZJiN67o7P4Dbv/od2bPss4GCxsnosyT41Yor1jlpZIGzjV8G2eIi31RBlaxK+8pV0Xg6bBUYt9JFBo3b2bAGfWX1Dw6+MxqE+9gsf1HJMdWJzN5BbgeGZpAxQs0yLgoex071NJ8rL9ELSe9pNJjhVH8ENeCtOnulw+jjluuzzohEQ2Ik96o+atYiUTH2+wMeFyqvRxzYbT13PCEUmQ3a2l/JW3Sw0F0PGwipWsz2MiIj/sQfiTmstWY64zSDAgzOVp1OKhkbJqZEqd9g/aXz3VsKHS9VtPM8MROmZv86TbLP6K2gzTpo49EmH9+fmsRHXFX6YOitN8=
W8kh9/nuD4SbaVK/4lGlJekdQS9MqWOoRJM8/wwDM/URWeTGmsoIc8SN3G6lxLhNnO34ZV0u4q8gkDDQKyTw/3YLZXT/E4c7Lzu4MsXf6N7kmy95BqTZKY8o1VNlNsZ5zWbushk+6eC4i89Yvja7+lPZKdvLW8eJ4qJuqRk0Ix3l+abMZEjV4hwmQJuugLdZT5iOup7oljO/9WGIStlKyoyYL0QHNkM0n4QS/MNVY+AMVS+ccNEMV1VEupRd0r+FKC0RO77IRbl/X8v/aGc01uJZxZ6CifsUcI8JDXxSXlosjL9FGO9JlfRxCl17t8F6Xl/WCh314PrIfkfH0/r2HoyZqMcfo9DAc3NNxhjZhrbp6JsFu7BPXP8sXQslZnf8yJ+HcnGa84m8OqSmYvNYMaFyORao+gbWx73VJU3DdiHh0lAGmjufoUi+FDVznvqmZjRZEnMyRn64pcXA3VbMxox8NbjfIzckR3kpFmC6eZSTiryOlmdPzplg9+VKmKdWwoZjr6BhCmx75wFLX+eHoLTZ
J0fX/hpbC8r11C7o5/nFQdEVhHklr+LfNCwbhlCDlw6QgQtaiuVzjGFu03mnTTjX7sR89DbXn+nu5sBuyX9pIM1/of6NsHS1R9GXAP2MzHhzb7p5hOpRXafOJc/B8SP/AURz/0ioZwPkYcN8gVRtGipLC2vsbQKTYdmDBR6eb5aQnoNg0UsWxqyutonxDSXF+hdgFWVi2cOLzGzpvOGZCmVYL16ZDmR0miFg/BDi6n2kO0iatRgmQIFsjK+QbKVbjoyXU41qDEtntUkezSLkHH0bDu8XONlHV2WM+MzEajlhe7pugWv5o5t8hT5E1gPf4/Pa3WvTYjPHfrrQiohxNJnv2Vm5RFkULHz5oPDJ6Co/VWXRx9oNvPLrxk5/0tY86iXapZ20dvoyHjJf1vJ6uYX4HlkagMXLtAi4aPtdO5RSvKx/xG0n/SSSY0XRPBAXAvTprhfPo07bbs96oVENyBMeqDkrGIkER5vszPicqn2cM2H0dRzwRNKkNyvpPyUtUgNBtLwsIuXrc9gICE/70P5k5vJVWOtMUswIc7kadXgopGxaGVKnPQO2lw/1rCi0PRbTjHAETlkbPOl2S3+i9gP04mAPBZg//j5r0Z2xVykD4rSf
nFTIY64jAhi97WdOGEhPeaKsQYAF9riFbgwdrdro1yzijW/1/PztBcbW84b6+VFY9W2hFLy28enTMJPsQE/egFVrFBunCe/ug5lRFPZwHN+SnnVZ7lbcXAkTX4I0Y9eKiLN48E6LsvIdoe1IMyismipxtUVLs/7XntvdW422nv3fA6x8Z1h0i3w5Y45TSZjVo7sk2bWI4RpISegLr9MoVbeUnTyPqKPRmBkJxhsruq41xez8jcMFXhK76SoT2N/FhgAhtOS2un/zZ3odfhc/b+3iYCgI3AzA237kTNEW0vrVJAKamlthL5pKhkQnayQdFOFtv5NdLC+mYHOw825S58nu9Uk5Ox3aMb6wCkkyhEdwULPT5VNDpIU2jn1WPOt8rqZGQ3oH+WrekO6oQo1ivKIDyT7eG96+jQGIXmhar7MDzr6azJ3gc8/XOGRTVyUyCO0O8umsEzGrRCd434i1f/XSP/iIG89Goe4brRyezFLyR1B1ITYxojgObnJnmT1Rnfc+paHWGLJKT3cFaJp8wWOqcuJmcNEmY8YuWpgBLbQN4oTCzPh9jA9X3wDn3UHi8A5x0BPOtDoGkydqOUQfkZqs79KLgysbcBXiyFvDab9P0w/ktJ0=
obnomMSzV993taVqghiBNqo9pxtdaFGNcl4lhUS2JrrW1m5t07ttC2Y5wroYxCSPrkNTMz2qAVWyTs8Q5o8j2hUX3+8KXEuUe7GmQSiJTVFsXGQdo/OeGk1bP74pyc1YotstgEIYYWBdMmg9kyL2+H84E59lkROlE7uS9FJz8RoHf8XfSiZcVqHwDNBcoaaOs1tPnoKwhtaCwY/jHZJiN67o7P4Dbv/od2bPss4GCxsnosyT41Yor1jlpZIGzjV8G2eIi31RBlaxK+8pV0Xg6bBUYt9JFBo3b2bAGfWX1Dw6+MxqE+9gsf1HJMdWJzN5BbgeGZpAxQs0yLgoex071NJ8rL9ELSe9pNJjhVH8ENeCtOnulw+jjluuzzohEQ2Ik96o+atYiUTH2+wMeFyqvRxzYbT13PCEUmQ3a2l/JW3Sw0F0PGwipWsz2MiIj/sQfiTmstWY64zSDAgzOVp1OKhkbJqZEqd9g/aXz3VsKHS9VtPM8MROmZv86TbLP6K2gzTroY9FmH9+fmsRHXFX6YOitN8=
vtShN6yjU+CxvBEFc8NeFuZ9eH0/wgfGkoSXmOBrAhDJ4ZDqOddDhFgHz9HDczRRGYnXp/PrjY+8nQJOW+oa/N8bLVsDlHhdVRheCr/iOfaf9P3tTw89/bBAt0XKOOd2y6ajDSXByUx7B8Gr3wdHQLQ5
oSdrZHfkAC2nGvtmSoBy072z5pxai8I2Q2440V5uqUM0DNF997Nj1WJfHLmG95lUCDE9K18HLOmQ2N8XonAsMT71qGSS8/lSK1wHOMUoX7a5qwfF8TNgcuMzkgI7iCuEh2tN6+WiixX1vacde160Ow==
G9h3/326c9S/rmKiUWXppOLzo8be2KnXTirJhc3cz0Xz0hh8TCRJrYzL0FAXJRBcZ6fd3tS7gsdbhet/YccJySgLAxqw6Je0TazfKgE/92lZVwDOO8dCTnPMa1h/v32HjYar6e2JtxFzWrQn
sEuv4ZGPq6solzAvfM9Wkb2z5pxai8I2Q2440V5uqUMuD/Y6t8Vr0WBVHruC6JlUCDE7K18HLOmQ2N8XonAsMT71qGSS8/lSK1wHOMUoX7a5qwfF8TNgcuMzkgI7iCuEh2tN6+WiixX1vacde160Ow==
BtJFAY8Mqq5kkNlRZ+Sn6+VEncJnCCoZnXRscmgIYoc5dArykmBOTGNVEQ41JinP9bGshIzyZ0PuNMO8vLRyL/0gaJjRhrPrkWNLPwtjXNN0v3gotyHsrltN2xtpbUxpivuZk+DnsqsUfV20Jg==
zUUbkgQ2yYHnz35X1zSgDSktOgi4IEO1ogkexXZpXsrYOpGx0u/+wgMj0vKb2Cu05/uNm8VyC6UVreft2w60Cw==
A5wU09WgMg/l2tN1ibTX5k47Lhj+hsXfxepiChnZkP3lL2X1jSMUppDY/8qo2Yv27AJwJV4UPmYN60TQIRze0NiFD/ja0bXNeSNbpwl/SaeWG77rCniF9QaGcSm5O4uJZkHg76uDEvO4ox55X7Qk
fOaRTetshTNXrrHMXSTtudPMwr7RZH7z7tEz7SK99ce1TCBVuglMEQF609yq2ZO1JmhaPqjLFmft/3reANGYu5ciX3st68+/j+vgQxgHnMgTeYAeh4UfWy0lkJmmo/2zxB+eu2h1WbQi
xy7DVcrrtQ4jb5F1CtaoM+VEncJnCCsZnXRscmgIYoc5dArykmBPTGNVEQ41JinP9bGshIzyZ0PuNMO8vLRyKf0gaJjRhrPrkWNLPwtjXNN0v3gotyHsrltN2xtpbUxpivuZk+DnsqsUfV20Jg==
Nz98tqtUKzD4WAJck/8SnygtOgi4IEO1ogkexXZpXsrYOpGx0u/+wgMj0vKb2Cu05/uNm8VyC6UVreft2w60Cw==
hZEj2HToQc5Ib2p3pKTpjLTacwjs7XtA3h+bEenCPULpBlsDS8ikhrgYC0YNQc6gjhGyh80DZ7cTkHBJdcyWzu+GkWIfYFWJH8v1KZBUv0Ha3M8ii/IL6bVFQdjb0wlvj2NvVLQt
fHILY10rDQeb6dvmceL2JZAeu1zOQPcmvco+LJiKUuz0/ml+kz0eYFpGeb1iFrVRlfvnMaJRxCcX48773BOaIXO0CA==
FH7BHnhPD7pLvnD5Vfd7jCo3PAikOEK1ogkexXZpXsrYOpGx0u/+wgMj0vKb2Cu05/uNm8VyC6UVreft2w60Cw==
ypGJlSk25oAQ6wMm0kqfpSw1NgihNly1ogkexXZpXsrYOpGx0u/+wgMj0vKb2Cu05/uNm8VyC6UVreft2w60Cw==
daSPyfcXEgqYhOTlzhQqoEqw4Ck6nY5J/u3eNqDO4V26C54eW/eCPtMca4jfz7237VYruQ259+HTCrR3
ZDp+OQyhPAdf/53MoBUElSo1NgihNly1ogkexXZpXsrYOpGx0u/+wgMj0vKb2Cu05/uNm8VyC6UVreft2w60Cw==
RMAgiTmeHcwHYoSUgj37apAeu1rMSvcjs9Q+LJiKUuz0/ml+kz0eYFpGeb1iFrVRlfvnMaJRxCcX48773BOaIXO0CA==
snDL1cEFrrVdI5BLT8Bqe0FEf8g9aJKELDrmVEh+1cYnjarI9ubVFTbG4YnJO7vp9oGQz3sDohOo4+7ZD7R0
zMMqtR/jc+p9SBkitK+T3Cg3PAqjMkO1ogkexXZpXsrYOpGx0u/+wgMj0vKb2Cu05/uNm8VyC6UVreft2w60Cw==
pUurkM0GxUUzy5VpGZX3XKDHztqBxrRtWI3cstRz7NppL/u6P/+O8qq8X66t9JRhLL0iYqmC6v0780498KRPUmD40KJQDj8ABW8/HCkMcWwfx0ePkDUGktIXeidDYz5rOSvSVhUYUCrRKS3Bj3T/4Vq8jwKK0ssJNeWB+NuzSQ8Pw6+0tM0=
DgW51mEIMSIx0WL0XuKyDc7RUkHLkaU+ij8oliEVVX1vSIfdqgD3PkpuszXFWflEO48xs///1wi0cQ==
tWk6W3MFPmew7739qTwnto9d8kREad3BNHTEIZs7jcWeZlk5QbozmQ7heJ+jQ5ojgMP2yQe0fA==
9pYkMn28UQtGB5Rw+cTPjh+zeuFcYXO7qSFU1IL+N7/9P08j3jWEAqvpSD6fdbfaxRWIee4zBfPc79YbkCVxtAo=
hbULjINLOjv7dWwcD4PvBKcCD28adnpdb5oJScb6zlIUILI+L7LV9EmgYWdPkbROUz1zkgFdREnSCyHT+PfKC5wtdbQO
S18LGI1OeF3QqBne2G0TxHJIo5j2Walj3B7BQKFim9gUCLqigLg+vqMqQZeyzOfH8zngnifFP1JNZXAZBmPds+Tf/juINXm0Ag==
WR4ku0F5RmGNkriWTdwnNKQCD28adnpdb5oJScb6zlIUILI+L7LV9EmgYWdPkbROUz1zmQBdREnSCyHT+PfKC5wtdbQO
ksaWldkMIZtHQx3rg9ZMRXJIo5j2Walj3B7BQKFhm9gUCLqigLg+vqMqQZeyzOfH8zngnifFP1lMZXAZBmPds+Tf/juINXm0Ag==
heeccVHXaD9t/sbWi/XMoaUCD28adnpdb5oJScb6zlIUILI+L7LV9EmgYWdPkbROUz1znQNdREnSCyHT+PfKC5wtdbQO
0N+rp+VbgKEMsRiVs+rzyHJIo5j2Walj3B7BQKFgm9gUCLqigLg+vqMqQZeyzOfH8zngnifFP11PZXAZBmPds+Tf/juINXm0Ag==
u9egAOOBMCajbImoaMulzxNo4a/WGN8v1g6ODbsytelaErqigLg+vqMqQYS9yP3H8zngnifFP15JZXAZBmPds+Tf/juINXm0Ag==
tE1nujahJFEAFiz8Ey6LoQ6u37sOHeTgokhsF2uNhOIh3zYiLZfxBFzYgoJoyCa+u9opt4qcL4c7ibh+T1WH3rH12Llek5VzLI8GW6AFYbQa
sMJmqHqW3O8FlNbLYd8fSxBo4a/WGN8v1g6ODbsytelaErqigLg+vqMqQYS9yP3H8zngnifFP1JJZXAZBmPds+Tf/juINXm0Ag==
m8Eek6Mwp4CF7HLVlA+B/w6u37sOHeTgokhsF2uNhOIh3DYiLZfxBFzYgoJoyCa+u9opt4qcL4c7ibh+T1WH0rH12Llek5VzLI8GW6AFYbQa
YysJ4gsqQ/K/PciSELpLFxRw7a/PDsAv1g6ODbsytelaErqigLg+vqMqQYS9yP3H8zngnifFP15OZXcZBmPds+Tf/juINXm0Ag==
UHhzzU16ahYlO5aVAM3JCA6u36MCHf32vUhsF2uNhOIh2C4uLY7nG1zYgoJoyCa+u9opt4qcL4c7ibh+T1WH3rb137lek5VzLI8GW6AFYbQa
ZsHkeUmdxqNDtNw20/yKZxVw7a/PDsAv1g6ODbsytelaErqigLg+vqMqQYS9yP3H8zngnifFP1xJZXcZBmPds+Tf/juINXm0Ag==
IAxZ7QJq2M6mVpYroDl4Tw6u36MCHf32vUhsF2uNhOIh2S4uLY7nG1zYgoJoyCa+u9opt4qcL4c7ibh+T1WH3LH137lek5VzLI8GW6AFYbQa
QkXep4AC/5zimI1+y//VcBVq66/TFsEv1g6ODbsytelaErqigLg+vqMqQYS9yP3H8zngnifFP19IZXYZBmPds+Tf/juINXm0Ag==
lnl49AV5eY+uXAEfH3r6Gw6u37kEHeHuvEhsF2uNhOIh2TQoLZL/GlzYgoJoyCa+u9opt4qcL4c7ibh+T1WH37D13rlek5VzLI8GW6AFYbQa
iR221ZW+suGLBjShqzzk+RJq66/TFsEv1g6ODbsytelaErqigLg+vqMqQYS9yP3H8zngnifFP1pMZXUZBmPds+Tf/juINXm0Ag==
F47aJ6IhdneUy0+UANCcTA6u37kEHeHuvEhsF2uNhOIh3jQoLZL/GlzYgoJoyCa+u9opt4qcL4c7ibh+T1WH2rT13blek5VzLI8GW6AFYbQa
psOnjxxp5idCJYfeQoZCL9PMwr7RZHzz7tEz7SK99ce1TCBVuglOEQF609yq2ZO1JmhaPqjLFmft/3reANGYvpciX3st68+7hvznQxgHnMgTeYAeh4UfXCkllZmmo/2zxB+eu2h1WbQi
XRPvW4CfciSsMQx5w1dvB9PMwr7RZHzz79Ez7SK99ce1TCBVuglOEQF609yq2ZO1JmhaPqjLFmft/3reANGYv5ciX3st68+7hvznQxgHnMgTeYAeh4UfWCgllZmmo/2zxB+eu2h1WbQi
eflPnsNMfykgl6LXGD4RINPMwr7RZHzz7NEz7SK99ce1TCBVuglOEQF609yq2ZO1JmhaPqjLFmft/3reANGYvZciX3st68+7hvznQxgHnMgTeYAeh4UfUigllZmmo/2zxB+eu2h1WbQi
qvo2inw87QApNISBc2f5r047Lhj+hsXfxepiChnZkP3lL2X1jSMVppDY/8qo2Yv27AJwJl4UPmYN60TQIRze0NiHD/ja0bXNeSNbpwl7QLCRG77rCniF9QaGcSm5O4mJYkHg76uDEvO4ox55X7Qk
4siTdw3GfjYXRvBpPnbEjhHMBUkk56IzZY/79cP5PZ3Ci43uXWxJffnl7KzDIfgM8F2W/TyWEfbG7VEEPVP/P4X7zCg163qjdliZ/QKWFRF18sTxxtFkZzfjrjt8k3phU7Qo
PSmfllGW9XtxSlhtx9LqOU47Lhj+hsTfxepiChnZkP3lL2X1jSMVvJbY49Kp2Yv27ANwJV4UPmYN60TQIRze0NiBFf7aza3MeSNbpwl7QLCRG77rCniF9QaGcSm5OouJbUHg76uDEvO4ox55X7Qk
6ZyBlyyXGSPZjbB5+blBbuVEncJnCC9CyG57eXIZT4cPYT+z4jAQUHBANFkJcmaK+rCshIzyZ0PuNMO8vLRyLuUsaIHHmbPrkWNLOwJ0W9N0v3gotyHsrltN2x1pbUdpivuZk+DnsqsUfV20Jg==
jBlqnotwaxlBI//NsiP3oOVEncJnCC9CyG57eXIZT4cPYT+z4TAQUHBANFkJcmaK+rOshIzyZ0PuNMO8vLRyLuUsaIHHmbPrkWNLOwJ0W9N0v3gotyHsrltN2xpobUdpivuZk+DnsqsUfV20Jg==
1+byW2RDwlgDGWbMQHVFVukdQS9MqWOoRJM8/wwDM/URWeTGmsoIc8SN3G6lxLhNnO34ZV0u4q8gkDDQKyTw/3YLZXT/E4c7Lzu4MsXf6N7kmy95BqTZKY8o1VNlNsZ5zWbushk+6eC4i89Yvja7+lPZKdvLW8eJ4qJuqRk0Ix3l+abMZEjV4hwmQJuugLdZT5iOup7oljO/9WGIStlKyoyYL0QHNkM0n4QS/MNVY+AMVS+ccNEMV1VEupRd0r+FKC0RO77IRbl/X8v/aGc01uJZxZ6CifsUcI8JDXxSXlosjL9FGO9JlfRxCl17t8F6Xl/WCh314PrIfkfH0/r2HoyZqMcfo9DAc3NNxhjZhrbp6JsFu7BPXP8sXQslZnf8yJ+HcnGa84m8OqSmYvNYMaFyORao+gbWx73VJU3DdiHh0lAGmjufoUi+FDVznvqmZjRZEnMyRn64pcXA3VbMxox8NbjfIzckR3kpFmC6eZSTiryOlmdPzplg9+VKmKdWyIdjr6ZhCWx75wFLX+eHoLTZ
sY+TeSDgysqxzDbRP/bkk9EVhHklr+LfNCwbhlCDlw6QgQtaiuVzjGFu03mnTTjX7sR89DbXn+nu5sBuyX9pIM1/of6NsHS1R9GXAP2MzHhzb7p5hOpRXafOJc/B8SP/AURz/0ioZwPkYcN8gVRtGipLC2vsbQKTYdmDBR6eb5aQnoNg0UsWxqyutonxDSXF+hdgFWVi2cOLzGzpvOGZCmVYL16ZDmR0miFg/BDi6n2kO0iatRgmQIFsjK+QbKVbjoyXU41qDEtntUkezSLkHH0bDu8XONlHV2WM+MzEajlhe7pugWv5o5t8hT5E1gPf4/Pa3WvTYjPHfrrQiohxNJnv2Vm5RFkULHz5oPDJ6Co/VWXRx9oNvPLrxk5/0tY86iXapZ20dvoyHjJf1vJ6uYX4HlkagMXLtAi4aPtdO5RSvKx/xG0n/SSSY0XRPBAXAvTprhfPo07bbs96oVENyBMeqDkrGIkER5vszPicqn2cM2H0dRzwRNKkNyvpPyUtUgNBtLwsIuXrc9gICE/70P5k5vJVWOtMUswIc7kadXgopGxaGVKnPQO2lw/1rCi0PRbTjHAETlkbPOl2S3+i9gP06GEPBZ4//T5r0Z2xVykD4rSf
1ufNfTxOUFB5ercOHpQLNH0pOx2/MjCr6gkJ2W9eGtCPLYKqyuX+wgMj0vKb2C+25/+Om8VyC6UVreft2w60Cw==
5BPWHbQqvcsDeZ2IQSU6W2sWx7IXWwJ7z4XtWadIz262IBCa0s1ZBQeqmlwXiTIWArEervsnwu6z7G96vxv+Z03mqwmt6TexM3q0Bw==
EEUN8OAjMptkPrnKY+8LZK+M4hj8kiQopo2VHmMCdY27smUqNhZ4k2iPSBfjbO0tlbveFBA9FgXbumtZXI6NiDiGUa1qNo2B7X9dYV4yzDd/I2ZLVHNCEWu0EA==
O320aiHpq9z56/htL9IKo9PSxrPDZnjp7ItjtmL4rJ3BFmsCzQdOQFMuydici5ilZ3heMuaaWmnwl2nEB/nX6/wAGjU84en62b32BgccmtYTeYAeh4UfXi4llJqmo/2zxB+eu2h1WbQi
/YSM1WA2PtkSi/u+aVY+jtPSxrPDZnjp7ItjtmL4rJ3BFmsCzQdOQFMuydici5ilZ3heMuaaWmnwl2nEB/nX6/wAGjU84en62b32BgccmtYTeYAeh4UfUi4llJqmo/2zxB+eu2h1WbQi
K8edhsvUQ6nypoYEJywxXVLG4MBbJiHUgnJZ44QNORkVEnDK38jzLUq5yYmPLhrArx3CeqoVflKjkxKie6gip8fPzkulgos1tR0nvTt+tBs=
UG+0a6ggpfRyhSQWrmW5clJx9r6GWrpp0FfJROc5t+scQLq1nKEJ+rl9Voan3PrW8zngnifFP1tIZXQaBmPds+Tf/juINXm0Ag==
P0sUFTxWTTgzoNN+m8yeSa+M4hj8kiQopo2VHmMCdY27smUqNhZ4k2iPSBfjbO0tlbveFBA9FgXbumtZXI6NiDiGUa1qNo2B7XtaYV4yzDd/I2ZLVHNCEWu0EA==
YelDaJNFHsnOu6x+KR7LJn0pOx2/MjCr6gkJ2W9eGtCILYKqyuX+wgMj0vKb2CKx5/+Om8VyC6UVreft2w60Cw==
qzI+Tes4tXgQowrRpzxaFmsWx7IXWwJ7z4XtWadIz262IBCa0s1ZBQeqmlwQiTIWArEervsnwu6z7GJ9vxv+Z03mqwmt6TexM3q0Bw==
5MAm0iHu3kCMlHDUW/8Iba+M4hj8kiQopo2VHmMCdY27smUqNhZ4k2iPSBfjbO0tlbveFBA9FgXbumteXI6NiDiGUa1qNo2B7XJaYV4yzDd/I2ZLVHNCEWu0EA==
uL8frnl/hh6/PqyEF1xhntPSxrPDZnjp7ItjtmL4rJ3CFmsCzQdOQFMuydici5ilZ3heMuaaWmnwl2nEB/nX6/wAGjU84en62br2BgccmtYTeYAeh4UfXi0lm5qmo/2zxB+eu2h1WbQi
L+NivI1RFIdkeQHouUYb7NPSxrPDZnjp7ItjtmL4rJ3CFmsCzQdOQFMuydici5ilZ3heMuaaWmnwl2nEB/nX6/wAGjU84en62br2BgccmtYTeYAeh4UfUi0lm5qmo/2zxB+eu2h1WbQi
gpmIDwYKYDKDytfIcu8p/VLG4MBbJiHUgnJZ44QNORkVEnDK38jzLUq5yYmPLhrAqB3CeqoVflKjkxKie6gipMfAzkulgos1tR0nvTt+tBs=
EUhxWDc/pmm410y+PN2AU1Jx9r6GWrpp0FfJROc5t+scQLq1nKEJ+rl9Voan3PrW8zngnifFP1hOZXoaBmPds+Tf/juINXm0Ag==
LLx+19zrBmwmL+0mk6PUeIj+chU/n4y+DlEVwqv2eC62z0ZvZgvtVOMxm8vwCH4F+FmVeiUFsjbjFJb23zHkjgMdQ5jyPZ6KguuxU0iXOkusDWW0Hg==
r3pCcbaFhXZzXeHKa0ysjlJx9r6GWrpp0FfJROc5t+scQLq1nKEJ+rl9Voan3PrW8zngnifFP15OZXoaBmPds+Tf/juINXm0Ag==
2nVSI/83iYAfsyn6mhUMR4j+cxU/n4y+DlEVwqv2eC62z0ZvZgvtVOMxm8vwCH4F+FmVeiUFsjbjFJb23zHkjgMdQ57yPZ6KguuxU0iXOkusDWW0Hg==
lNvuWplXzwSQusTpS7kFcFJx9r6GWrpp0FfJROc5t+scQLq1nKEJ+rl9Voan3PrW8zngnifFP1NOZXoaBmPds+Tf/juINXm0Ag==
msrrBkEdYecp4/12V5Zlr6+M5hj8kiQopo2VHmMCdY27smUqNhZ4k2iPSBfjbO0tlbveFBA9FgXbumtZXI6NiDiGUa1qNo2B7XNcYVAyzDd/I2ZLVHNCEWu0EA==
ckvkQCzzcD59ECMtWqfKNFJx9r6GWrpp0FfJROc5t+scQLq1nKEJ+rl9Voan3PrW8zngnifFP1JOZXoaBmPds+Tf/juINXm0Ag==
8CFPynJ7EbQaMlykvqd5M4j+chU/n4y+DlEVwqv2eC62z0ZvZgvtVOMxm8vwCH4F+FmVeiUFsjbjFJb23zHkjgMdQ5LyPZ6KguuxU0iXOkusDWW0Hg==
t3weKTNsCC9L1QRXCzrksNPSxrPDZnjp7ItjtmL4rJ3DFmsCzQdOQFMuydici5ilZ3heMuaaWmnwl2nEB/nX6/wAGjU84en62b32BgccmtYTeYAeh4UfWC0lk5umo/2zxB+eu2h1WbQi
TLU1LIeQpqClRO+L2OYdAtPSxrPDZnjp7ItjtmL4rJ3DFmsCzQdOQFMuydici5ilZ3heMuaaWmnwl2nEB/nX6/wAGjU84en62b32BgccmtYTeYAeh4UfXS0lk5umo/2zxB+eu2h1WbQi
J3AiqjpLWTt4hc+rdhVRX1LG4MBbJiHUgnJZ44QNORkVEnDK38jzLUq5yYmPLhrArx3CeqoVflKjkxKie6gtpMfIz0ulgos1tR0nvTt+tBs=
AetjO/IJ2v84IFR9xX0qyFJx9r6GWrpp0FfJROc5t+scQLq1nKEJ+rl6Voan3PrW8zngnifFP19MZXMbBmPds+Tf/juINXm0Ag==
8XDUSerTGvGK16SjlbnaM4j+chU/n4y+DlEVwqv2eC62z0ZvZgvtVOMxm8vwCH4F+FmVeiUCsjbjFJb23zHkjgMdQ5/wPZeLguuxU0iXOkusDWW0Hg==
UNeSudrUek25vtulxCVq59PSxrPDZnjp7ItjtmL4rJ3DFmsCzQdOQFMuydici5ilZ3heMuaaWmnwl2nEB/nX6/wAGjU84en62br2BgccmtYTeYAeh4UfXS8lk5umo/2zxB+eu2h1WbQi
92KdJhVS9e7IF7+SFueITtPSxrPDZnjp7ItjtmL4rJ3DFmsCzQdOQFMuydici5ilZ3heMuaaWmnwl2nEB/nX6/wAGjU84en62br2BgccmtYTeYAeh4UfWC4lk5umo/2zxB+eu2h1WbQi
Ag9bZKc5zR3iXx6+WfwXc9PSxrPDZnjp7ItjtmL4rJ3DFmsCzQdOQFMuydici5ilZ3heMuaaWmnwl2nEB/nX6/wAGjU84en62br2BgccmtYTeYAeh4UfUy4lk5umo/2zxB+eu2h1WbQi
vwS7t7EjcXieeDCEkyzRSlJx9r6GWrpp0FfJROc5t+scQLq1nKEJ+rl6Voan3PrW8zngnifFP15IZXMbBmPds+Tf/juINXm0Ag==
m+OVqPj1xtOP2FOo0uZ1MYj+chU/n4y+DlEVwqv2eC62z0ZvZgvtVOMxm8vwCH4F+FmVeiUCsjbjFJb23zHkjgMdQ570PZeLguuxU0iXOkusDWW0Hg==
Td66rL7ehlin/N7N45xc+VLG4MBbJiHUgnJZ44QNORkVEnDK38jzLUq5yYmPLhrAqB3CeqoVflKjkxKie6gsocfIz0ulgos1tR0nvTt+tBs=
WuXNch29KnZfjxq5ly9RjlJx9r6GWrpp0FfJROc5t+scQLq1nKEJ+rl6Voan3PrW8zngnifFP1xMZXEbBmPds+Tf/juINXm0Ag==
PUVX2sveoEuEKOApCJCVH4j+chU/n4y+DlEVwqv2eC62z0ZvZgvtVOMxm8vwCH4F+FmVeiUCsjbjFJb23zHkjgMdQ5zwPZWLguuxU0iXOkusDWW0Hg==
souQGqafFrqDkqY+hF1QMNPSxrPDZnjp7ItjtmL4r53DFmsCzQdOQFMuydici5ilZ3heMuaaWmnwl2nEB/nX6/wAGjU84en62br2BgccmtYTeYAeh4UfXi8lkZumo/2zxB+eu2h1WbQi
nrnTMFKDfG0FvhLj1IrLitPSxrPDZnjp7ItjtmL4r53DFmsCzQdOQFMuydici5ilZ3heMuaaWmnwl2nEB/nX6/wAGjU84en62br2BgccmtYTeYAeh4UfWS4lkZumo/2zxB+eu2h1WbQi
kU29FC8q4rVvRitq64H7jdPSxrPDZnjp7ItjtmL4r53DFmsCzQdOQFMuydici5ilZ3heMuaaWmnwl2nEB/nX6/wAGjU84en62br2BgccmtYTeYAeh4UfXS4lkZumo/2zxB+eu2h1WbQi
AVAm1LMfr+/JRg2I+cNacVJx9r6GWrpp0FfJROc5t+scQLq1nKEJ+rl9Voan3PrW8zngnifFP1tJZXEbBmPds+Tf/juINXm0Ag==
Pq6Fu/k/haYw84GisdpQaYj+chU/n4y+DlEVwqv2eC62z0ZvZgvtVOMxm8vwCH4F+FmVeiUFsjbjFJb23zHkjgMdQ5v1PZWLguuxU0iXOkusDWW0Hg==
/xRCXlPO0t8YiSsZqpfAcNPSxrPDZnjp7ItjtmL4rJ3DFmsCzQdOQFMuydici5ilZ3heMuaaWmnwl2nEB/nX6/wAGjU84en62b32BgccmtYTeYAeh4UfXyklkZumo/2zxB+eu2h1WbQi
6/mS+9C//ofLgXn0UhqHZtPSxrPDZnjp7ItjtmL4rJ3DFmsCzQdOQFMuydici5ilZ3heMuaaWmnwl2nEB/nX6/wAGjU84en62b32BgccmtYTeYAeh4UfXSklkZumo/2zxB+eu2h1WbQi
IpWZ2Z/H+vJ0I6N2RZ5N6FJx9r6GWrpp0FfJROc5t+scQLq1nKEJ+rl9Voan3PrW8zngnifFP19PZXAbBmPds+Tf/juINXm0Ag==
5U/Uf6vrHdYhobPP/pwy7Hce2/sITBN6gJK/D+lGwGa3LFOR0s1ZBQeqmlwXiTIWArEervsnwu6z7G96vx//Z03mqwmt6TexM3q0Bw==
viq2Hu7bz1ypjvCP+31I9yZ42kOS4om7vbaIN08n0I+TgkdrObDVGruF8E7NNgDW17zTATJ9GfUnuppMN3lypuIhnj6blwKek/xqbJ9vP9ctdiuZTVl3QRNqtBc=
PSS5aGcWKeEV8gJHPPIkf1Jx9r6GWrpp0FfJROc5t+scQLq1nKEJ+rl6Voan3PrW8zngnifFP1NPZXcbBmPds+Tf/juINXm0Ag==
JTzn8XVtw9hu/7ACXoj77Hce2/sITBN6gJK/D+lGwGa3LFOR0s1ZBQeqmlwQiTIWArEervsnwu6z7GN6vxj/Z03mqwmt6TexM3q0Bw==
oYukC70d9YpWBcxDuwuKxCZ42EOS4om7vbaIN08n0I+TgkdrObDVGruF8E7NNgDW17zTATJ9GfUnuppMMHlypuIhnj6blwKek/xsbJ9oP9ctdiuZTVl3QRNqtBc=
PW9CPHLkqSCB74I68aAAPiZ42UOS4om7vbaIN08n0I+TgkdrObDVGruF8E7NNgDW17zTATJ9GfUnuppMMHlypuIhnj6blwKek/xtaJ9pP9ctdiuZTVl3QRNqtBc=
9ET3XEgVLs49ptsDJxHcPmMZzPtZABVqm5XwXu1GwGa3LFOR0s1ZBQeqmlwQiTIWArEervsnwu6z7Gh5vxn/Z03mqwmt6TexM3q0Bw==
KaQpGe8Q/QathzJOQBcID2sWx7IXWwJ7z4XtWadIz262IBCa0s1ZBQeqmlwQiTIWArEervsnwu6z7Gh5vxn/Z03mqwmt6TexM3q0Bw==
927Yl6iST1x0Sr0rH4NUpnce2/sITBN6gJK/D+lGwGa3LFOR0s1ZBQeqmlwQiTIWArEervsnwu6z7Gh5vxn/Z03mqwmt6TexM3q0Bw==
XW7JGU5mwoZ71IZP1uSlgmMZzPtZABVqm5XwXu1GwGa3LFOR0s1ZBQeqmlwXiTIWArEervsnwu6z7GJ6vxn/Z03mqwmt6TexM3q0Bw==
6q6aPRzprTRh4+8XNDE6mWsWx7IXWwJ7z4XtWadIz262IBCa0s1ZBQeqmlwXiTIWArEervsnwu6z7GJ6vxn/Z03mqwmt6TexM3q0Bw==
rPQDJlAzVMZw5g/KtiMN+3ce2/sITBN6gJK/D+lGwGa3LFOR0s1ZBQeqmlwXiTIWArEervsnwu6z7GJ6vxn/Z03mqwmt6TexM3q0Bw==
WhNa2elB8w2Ywfz137ZrLiZ42EOS4om7vbaIN08n0I+TgkdrObDVGruF8E7NNgDW17zTATJ9GfUnuppMN3lypuIhnj6blwKek/xqbJ9pP9ctdiuZTVl3QRNqtBc=
QHHgTQ58EPXnNlvxO+SFwKo9pxtdaFGNcl4lhUS2JrrW1m5t07ttC2Y5wroYxCSPrkNTMz2qAVWyTs8Q5o8j2hUX3+8KXEuUe7GmQSiJTVFsXGQdo/OeGk1bP74pyc1YotstgEIYYWBdMmg9kyL2+H84E59lkROlE7uS9FJz8RoHf8XfSiZcVqHwDNBcoaaOs1tPnoKwhtaCwY/jHZJiN67o7P4Dbv/od2bPss4GCxsnosyT41Yor1jlpZIGzjV8G2eIi31RBlaxK+8pV0Xg6bBUYt9JFBo3b2bAGfWX1Dw6+MxqE+9gsf1HJMdWJzN5BbgeGZpAxQs0yLgoex071NJ8rL9ELSe9pNJjhVH8ENeCtOnulw+jjluuzzohEQ2Ik96o+atYiUTH2+wMeFyqvRxzYbT13PCEUmQ3a2l/JW3Sw0F0PGwipWsz2MiIj/sQfiTmstWY64zSDAgzOVp1OKhkbJqZEqd9g/aXz3VsKHS9VtPM8MROmZv86TbLP6K2gzTro49Dn399fmsRHXFX6YOitN8=
lCyZTePSbd7gQphGC2T4O6KsQYAF9riFbgwdrdro1yzijW/1/PztBcbW84b6+VFY9W2hFLy28enTMJPsQE/egFVrFBunCe/ug5lRFPZwHN+SnnVZ7lbcXAkTX4I0Y9eKiLN48E6LsvIdoe1IMyismipxtUVLs/7XntvdW422nv3fA6x8Z1h0i3w5Y45TSZjVo7sk2bWI4RpISegLr9MoVbeUnTyPqKPRmBkJxhsruq41xez8jcMFXhK76SoT2N/FhgAhtOS2un/zZ3odfhc/b+3iYCgI3AzA237kTNEW0vrVJAKamlthL5pKhkQnayQdFOFtv5NdLC+mYHOw825S58nu9Uk5Ox3aMb6wCkkyhEdwULPT5VNDpIU2jn1WPOt8rqZGQ3oH+WrekO6oQo1ivKIDyT7eG96+jQGIXmhar7MDzr6azJ3gc8/XOGRTVyUyCO0O8umsEzGrRCd434i1f/XSP/iIG89Goe4brRyezFLyR1B1ITYxojgObnJnmT1Rnfc+paHWGLJKT3cFaJp8wWOqcuJmcNEmY8YuWpgBLbQN4oTCzPh9jA9X3wDn3UHi8A5x0BPOtDoGkydqOUQfkZqs79KLgSsddxXhyFvDab9P0w/ktJ0=
6Rb4Qm66HVR27a4zYoCKrekdQS9MqWOoRJM8/wwDM/URWeTGmsoIc8SN3G6lxLhNnO34ZV0u4q8gkDDQKyTw/3YLZXT/E4c7Lzu4MsXf6N7kmy95BqTZKY8o1VNlNsZ5zWbushk+6eC4i89Yvja7+lPZKdvLW8eJ4qJuqRk0Ix3l+abMZEjV4hwmQJuugLdZT5iOup7oljO/9WGIStlKyoyYL0QHNkM0n4QS/MNVY+AMVS+ccNEMV1VEupRd0r+FKC0RO77IRbl/X8v/aGc01uJZxZ6CifsUcI8JDXxSXlosjL9FGO9JlfRxCl17t8F6Xl/WCh314PrIfkfH0/r2HoyZqMcfo9DAc3NNxhjZhrbp6JsFu7BPXP8sXQslZnf8yJ+HcnGa84m8OqSmYvNYMaFyORao+gbWx73VJU3DdiHh0lAGmjufoUi+FDVznvqmZjRZEnMyRn64pcXA3VbMxox8NbjfIzckR3kpFmC6eZSTiryOlmdPzplg9+VKmKdWyIdjpqdhCWx75wFLX+eHoLTZ
+D47d7UCBzUVsGAO4IEtqdEVhHklr+LfNCwbhlCDlw6QgQtaiuVzjGFu03mnTTjX7sR89DbXn+nu5sBuyX9pIM1/of6NsHS1R9GXAP2MzHhzb7p5hOpRXafOJc/B8SP/AURz/0ioZwPkYcN8gVRtGipLC2vsbQKTYdmDBR6eb5aQnoNg0UsWxqyutonxDSXF+hdgFWVi2cOLzGzpvOGZCmVYL16ZDmR0miFg/BDi6n2kO0iatRgmQIFsjK+QbKVbjoyXU41qDEtntUkezSLkHH0bDu8XONlHV2WM+MzEajlhe7pugWv5o5t8hT5E1gPf4/Pa3WvTYjPHfrrQiohxNJnv2Vm5RFkULHz5oPDJ6Co/VWXRx9oNvPLrxk5/0tY86iXapZ20dvoyHjJf1vJ6uYX4HlkagMXLtAi4aPtdO5RSvKx/xG0n/SSSY0XRPBAXAvTprhfPo07bbs96oVENyBMeqDkrGIkER5vszPicqn2cM2H0dRzwRNKkNyvpPyUtUgNBtLwsIuXrc9gICE/70P5k5vJVWOtMUswIc7kadXgopGxaGVKnPQO2lw/1rCi0PRbTjHAETlkbPOl2S3+i9gP06GEPDJ8//T5r0Z2xVykD4rSf
Oy2oZdiQQk9D4De2iXbh4aKsQYAF9riFbgwdrdro1yzijW/1/PztBcbW84b6+VFY9W2hFLy28enTMJPsQE/egFVrFBunCe/ug5lRFPZwHN+SnnVZ7lbcXAkTX4I0Y9eKiLN48E6LsvIdoe1IMyismipxtUVLs/7XntvdW422nv3fA6x8Z1h0i3w5Y45TSZjVo7sk2bWI4RpISegLr9MoVbeUnTyPqKPRmBkJxhsruq41xez8jcMFXhK76SoT2N/FhgAhtOS2un/zZ3odfhc/b+3iYCgI3AzA237kTNEW0vrVJAKamlthL5pKhkQnayQdFOFtv5NdLC+mYHOw825S58nu9Uk5Ox3aMb6wCkkyhEdwULPT5VNDpIU2jn1WPOt8rqZGQ3oH+WrekO6oQo1ivKIDyT7eG96+jQGIXmhar7MDzr6azJ3gc8/XOGRTVyUyCO0O8umsEzGrRCd434i1f/XSP/iIG89Goe4brRyezFLyR1B1ITYxojgObnJnmT1Rnfc+paHWGLJKT3cFaJp8wWOqcuJmcNEmY8YuWpgBLbQN4oTCzPh9jA9X3wDn3UHi8A5x0BPOtDoGkydqOUQfkZqs79KDgSsSdxXhyFvDab9P0w/ktJ0=
ZCyFXat4K+cbzvFuAz8aKao9pxtdaFGNcl4lhUS2JrrW1m5t07ttC2Y5wroYxCSPrkNTMz2qAVWyTs8Q5o8j2hUX3+8KXEuUe7GmQSiJTVFsXGQdo/OeGk1bP74pyc1YotstgEIYYWBdMmg9kyL2+H84E59lkROlE7uS9FJz8RoHf8XfSiZcVqHwDNBcoaaOs1tPnoKwhtaCwY/jHZJiN67o7P4Dbv/od2bPss4GCxsnosyT41Yor1jlpZIGzjV8G2eIi31RBlaxK+8pV0Xg6bBUYt9JFBo3b2bAGfWX1Dw6+MxqE+9gsf1HJMdWJzN5BbgeGZpAxQs0yLgoex071NJ8rL9ELSe9pNJjhVH8ENeCtOnulw+jjluuzzohEQ2Ik96o+atYiUTH2+wMeFyqvRxzYbT13PCEUmQ3a2l/JW3Sw0F0PGwipWsz2MiIj/sQfiTmstWY64zSDAgzOVp1OKhkbJqZEqd9g/aXz3VsKHS9VtPM8MROmZv86TbLP6K2gzTjo49Mn399fmsRHXFX6YOitN8=
+Y5RiMHZ8XcqemlCUzZwyhARbYCtz7jSILUVbluZlE50Gs5kcH7t9g+8c5Qztx1lzqYJGVG+InlUJCh/M8Pqw/ADhil3tAw=
